[\\FELIX-GATEWAY]
00000223	80.28534698	[9528] QUIK|GetApp1|10573|11-10--12:30
00000224	80.29190063	[9528] QUIK|GetApp2|2002|1831.0
00000225	80.29463959	[9528] QUIK|GetApp3|1826.8|0.70000000000005|1|6
00000226	80.29693604	[9528] QUIK|OnCalc1|10573|11-10--12:30
00000227	80.29988861	[9528] QUIK|OnCalc2|nil|1831.0
00000228	80.30332184	[9528] QUIK|OnCalc3|2001|10566|2001|1826.1
00000229	80.30584717	[9528] QUIK|OnCalc3|2002|10567|2002|1826.8
00000230	82.79224396	[9528] QUIK|GetApp1|10573|11-10--12:30
00000231	83.28757477	[9528] QUIK|GetApp3|1826.8|0.70000000000005|1|6
00000232	83.29390717	[9528] QUIK|OnCalc1|10573|11-10--12:30
00000233	83.29687500	[9528] QUIK|OnCalc2|nil|1831.0
00000234	83.29989624	[9528] QUIK|OnCalc3|2001|10566|2001|1826.1
00000235	83.30342865	[9528] QUIK|OnCalc3|2002|10567|2002|1826.8
00000236	85.78061676	[9528] QUIK|GetApp1|10573|11-10--12:30
00000237	85.78586578	[9528] QUIK|GetApp2|2002|1831.0
00000238	85.78999329	[9528] QUIK|GetApp3|1826.8|0.70000000000005|1|6
00000239	85.79804993	[9528] QUIK|OnCalc1|10573|11-10--12:30
00000240	85.80075073	[9528] QUIK|OnCalc2|nil|1831.0
00000241	85.80347443	[9528] QUIK|OnCalc3|2001|10566|2001|1826.1
00000242	85.80638885	[9528] QUIK|OnCalc3|2002|10567|2002|1826.8
00000243	88.79019165	[9528] QUIK|GetApp1|10573|11-10--12:30
00000244	88.79933167	[9528] QUIK|GetApp2|2002|1831.0
00000245	88.81068420	[9528] QUIK|GetApp3|1826.8|0.70000000000005|1|6
00000246	88.81590271	[9528] QUIK|OnCalc1|10573|11-10--12:30
00000247	88.82167816	[9528] QUIK|OnCalc2|nil|1831.0
00000248	88.82706451	[9528] QUIK|OnCalc3|2001|10566|2001|1826.1
00000249	88.83486176	[9528] QUIK|OnCalc3|2002|10567|2002|1826.8
00000250	89.28975677	[9528] QUIK|GetApp1|10573|11-10--12:30
00000251	89.29515076	[9528] QUIK|GetApp2|2002|1831.0
00000252	89.30146790	[9528] QUIK|GetApp3|1826.8|0.70000000000005|1|6
00000253	89.30532837	[9528] QUIK|OnCalc1|10573|11-10--12:30
00000254	89.30946350	[9528] QUIK|OnCalc2|nil|1831.0
00000255	89.31282043	[9528] QUIK|OnCalc3|2001|10566|2001|1826.1
00000256	89.31729126	[9528] QUIK|OnCalc3|2002|10567|2002|1826.8
00000257	92.14003754	[9528] QUIK|GetApp1|10574|11-10--12:35
00000258	92.14019775	[9528] QUIK|GetApp2|2003|1825.2833333333
00000259	92.14034271	[9528] QUIK|GetApp3|1825.5|-1.3|6|1
00000260	92.14048004	[9528] QUIK|OnCalc1|10574|11-10--12:35
00000261	92.14059448	[9528] QUIK|OnCalc2|nil|1825.2833333333
00000262	92.14073944	[9528] QUIK|OnCalc3|2002|10567|2002|1826.8
00000263	92.14086914	[9528] QUIK|OnCalc3|2003|10573|2003|1825.5
00000264	92.15389252	[9528] QUIK|GetApp1|10574|11-10--12:35
00000265	92.15413666	[9528] QUIK|GetApp2|2004|-nan(ind)
00000266	92.15447235	[9528] QUIK|GetApp3|1825.5|0.0|0|1
00000267	92.15467834	[9528] QUIK|OnCalc1|10574|11-10--12:35
00000268	92.15479279	[9528] QUIK|OnCalc2|nil|-nan(ind)
00000269	92.15493774	[9528] QUIK|OnCalc3|2003|10573|2003|1825.5
00000270	92.15507507	[9528] QUIK|OnCalc3|2004|10573|2004|1825.5
00000271	94.49435425	[9528] QUIK|GetApp1|10574|11-10--12:35
00000272	94.49448395	[9528] QUIK|GetApp2|2005|-nan(ind)
00000273	94.49463654	[9528] QUIK|GetApp3|1825.5|0.0|0|1
00000274	94.49476624	[9528] QUIK|OnCalc1|10574|11-10--12:35
00000275	94.49488831	[9528] QUIK|OnCalc2|nil|-nan(ind)
00000276	94.49502563	[9528] QUIK|OnCalc3|2004|10573|2004|1825.5
00000277	94.49516296	[9528] QUIK|OnCalc3|2005|10573|2005|1825.5
00000278	94.50186920	[9528] QUIK|GetApp1|10574|11-10--12:35
00000279	94.50216675	[9528] QUIK|GetApp2|2006|-nan(ind)
00000280	94.50230408	[9528] QUIK|GetApp3|1825.5|0.0|0|1
00000281	94.50244904	[9528] QUIK|OnCalc1|10574|11-10--12:35
00000282	94.50256348	[9528] QUIK|OnCalc2|nil|-nan(ind)
00000283	94.50271606	[9528] QUIK|OnCalc3|2005|10573|2005|1825.5
00000284	94.50284576	[9528] QUIK|OnCalc3|2006|10573|2006|1825.5
00000285	96.85832214	[9528] QUIK|GetApp1|10574|11-10--12:35
00000286	96.85846710	[9528] QUIK|GetApp2|2007|-nan(ind)
00000287	96.85861969	[9528] QUIK|GetApp3|1825.5|0.0|0|1
00000288	96.85874939	[9528] QUIK|OnCalc1|10574|11-10--12:35
00000289	96.85886383	[9528] QUIK|OnCalc2|nil|-nan(ind)
00000290	96.85900879	[9528] QUIK|OnCalc3|2006|10573|2006|1825.5
00000291	96.85914612	[9528] QUIK|OnCalc3|2007|10573|2007|1825.5
00000292	96.86370850	[9528] QUIK|GetApp1|10574|11-10--12:35
00000293	96.86390686	[9528] QUIK|GetApp2|2008|-nan(ind)
00000294	96.86405945	[9528] QUIK|GetApp3|1825.5|0.0|0|1
00000295	96.86418915	[9528] QUIK|OnCalc1|10574|11-10--12:35
00000296	96.86430359	[9528] QUIK|OnCalc2|nil|-nan(ind)
00000297	96.86444855	[9528] QUIK|OnCalc3|2007|10573|2007|1825.5
00000298	96.86458588	[9528] QUIK|OnCalc3|2008|10573|2008|1825.5
00000299	99.15189362	[9528] QUIK|GetApp1|10574|11-10--12:35
00000300	99.15203094	[9528] QUIK|GetApp2|2009|-nan(ind)
00000301	99.15218353	[9528] QUIK|GetApp3|1825.5|0.0|0|1
00000302	99.15232086	[9528] QUIK|OnCalc1|10574|11-10--12:35
00000303	99.15243530	[9528] QUIK|OnCalc2|nil|-nan(ind)
00000304	99.15257263	[9528] QUIK|OnCalc3|2008|10573|2008|1825.5
00000305	99.15273285	[9528] QUIK|OnCalc3|2009|10573|2009|1825.5
00000306	101.59423065	[9528] QUIK|GetApp1|10574|11-10--12:35
00000307	101.59448242	[9528] QUIK|GetApp2|2010|-nan(ind)
00000308	101.59466553	[9528] QUIK|GetApp3|1825.5|0.0|0|1
00000309	101.59477997	[9528] QUIK|OnCalc1|10574|11-10--12:35
00000310	101.59490204	[9528] QUIK|OnCalc2|nil|-nan(ind)
00000311	101.59504700	[9528] QUIK|OnCalc3|2009|10573|2009|1825.5
00000312	101.59518433	[9528] QUIK|OnCalc3|2010|10573|2010|1825.5
00000313	101.60807800	[9528] QUIK|GetApp1|10574|11-10--12:35
00000314	101.60820770	[9528] QUIK|GetApp2|2011|-nan(ind)
00000315	101.60835266	[9528] QUIK|GetApp3|1825.5|0.0|0|1
00000316	101.60848999	[9528] QUIK|OnCalc1|10574|11-10--12:35
00000317	101.60860443	[9528] QUIK|OnCalc2|nil|-nan(ind)
00000318	101.60874939	[9528] QUIK|OnCalc3|2010|10573|2010|1825.5
00000319	101.60891724	[9528] QUIK|OnCalc3|2011|10573|2011|1825.5
00000320	103.93712616	[9528] QUIK|GetApp1|10574|11-10--12:35
00000321	103.93726349	[9528] QUIK|GetApp2|2012|-nan(ind)
00000322	103.93740845	[9528] QUIK|GetApp3|1825.5|0.0|0|1
00000323	103.93753815	[9528] QUIK|OnCalc1|10574|11-10--12:35
00000324	103.93766022	[9528] QUIK|OnCalc2|nil|-nan(ind)
00000325	103.93779755	[9528] QUIK|OnCalc3|2011|10573|2011|1825.5
00000326	103.93794250	[9528] QUIK|OnCalc3|2012|10573|2012|1825.5
00000327	106.32364655	[9528] QUIK|GetApp1|10574|11-10--12:35
00000328	106.32380676	[9528] QUIK|GetApp2|2013|-nan(ind)
00000329	106.32394409	[9528] QUIK|GetApp3|1825.5|0.0|0|1
00000330	106.32407379	[9528] QUIK|OnCalc1|10574|11-10--12:35
00000331	106.32419586	[9528] QUIK|OnCalc2|nil|-nan(ind)
00000332	106.32434082	[9528] QUIK|OnCalc3|2012|10573|2012|1825.5
00000333	106.32447052	[9528] QUIK|OnCalc3|2013|10573|2013|1825.5
00000334	108.70417786	[9528] QUIK|GetApp1|10574|11-10--12:35
00000335	108.70423126	[9528] QUIK|GetApp2|2014|-nan(ind)
00000336	108.70461273	[9528] QUIK|GetApp3|1825.5|0.0|0|1
00000337	108.70465088	[9528] QUIK|OnCalc1|10574|11-10--12:35
00000338	108.70479584	[9528] QUIK|OnCalc2|nil|-nan(ind)
00000339	108.70493317	[9528] QUIK|OnCalc3|2013|10573|2013|1825.5
00000340	108.70507813	[9528] QUIK|OnCalc3|2014|10573|2014|1825.5
00000341	111.31495667	[9528] QUIK|GetApp1|10574|11-10--12:35
00000342	111.31509399	[9528] QUIK|GetApp2|2015|-nan(ind)
00000343	111.31523895	[9528] QUIK|GetApp3|1825.5|0.0|0|1
00000344	111.31537628	[9528] QUIK|OnCalc1|10574|11-10--12:35
00000345	111.31549072	[9528] QUIK|OnCalc2|nil|-nan(ind)
00000346	111.31573486	[9528] QUIK|OnCalc3|2014|10573|2014|1825.5
00000347	111.31595612	[9528] QUIK|OnCalc3|2015|10573|2015|1825.5
00000348	111.32128143	[9528] QUIK|GetApp1|10574|11-10--12:35
00000349	111.32139587	[9528] QUIK|GetApp2|2016|-nan(ind)
00000350	111.32156372	[9528] QUIK|GetApp3|1825.5|0.0|0|1
00000351	111.32170105	[9528] QUIK|OnCalc1|10574|11-10--12:35
00000352	111.32181549	[9528] QUIK|OnCalc2|nil|-nan(ind)
00000353	111.32196045	[9528] QUIK|OnCalc3|2015|10573|2015|1825.5
00000354	111.32209015	[9528] QUIK|OnCalc3|2016|10573|2016|1825.5
00000355	113.77095795	[9528] QUIK|GetApp1|10574|11-10--12:35
00000356	113.77108765	[9528] QUIK|GetApp2|2017|-nan(ind)
00000357	113.77122498	[9528] QUIK|GetApp3|1825.5|0.0|0|1
00000358	113.77135468	[9528] QUIK|OnCalc1|10574|11-10--12:35
00000359	113.77146912	[9528] QUIK|OnCalc2|nil|-nan(ind)
00000360	113.77160645	[9528] QUIK|OnCalc3|2016|10573|2016|1825.5
00000361	113.77175140	[9528] QUIK|OnCalc3|2017|10573|2017|1825.5
00000362	116.46816254	[9528] QUIK|GetApp1|10574|11-10--12:35
00000363	116.46829987	[9528] QUIK|GetApp2|2018|-nan(ind)
00000364	116.46844482	[9528] QUIK|GetApp3|1825.5|0.0|0|1
00000365	116.46856689	[9528] QUIK|OnCalc1|10574|11-10--12:35
00000366	116.46868134	[9528] QUIK|OnCalc2|nil|-nan(ind)
00000367	116.46882629	[9528] QUIK|OnCalc3|2017|10573|2017|1825.5
00000368	116.46896362	[9528] QUIK|OnCalc3|2018|10573|2018|1825.5
00000369	118.92066193	[9528] QUIK|GetApp1|10574|11-10--12:35
00000370	118.92078400	[9528] QUIK|GetApp2|2019|-nan(ind)
00000371	118.92093658	[9528] QUIK|GetApp3|1825.5|0.0|0|1
00000372	118.92105865	[9528] QUIK|OnCalc1|10574|11-10--12:35
00000373	118.92118835	[9528] QUIK|OnCalc2|nil|-nan(ind)
00000374	118.92131805	[9528] QUIK|OnCalc3|2018|10573|2018|1825.5
00000375	118.92146301	[9528] QUIK|OnCalc3|2019|10573|2019|1825.5
00000376	121.38491058	[9528] QUIK|GetApp1|10574|11-10--12:35
00000377	121.38504028	[9528] QUIK|GetApp2|2020|-nan(ind)
00000378	121.38517761	[9528] QUIK|GetApp3|1825.5|0.0|0|1
00000379	121.38533020	[9528] QUIK|OnCalc1|10574|11-10--12:35
00000380	121.38544464	[9528] QUIK|OnCalc2|nil|-nan(ind)
00000381	121.38558960	[9528] QUIK|OnCalc3|2019|10573|2019|1825.5
00000382	121.38572693	[9528] QUIK|OnCalc3|2020|10573|2020|1825.5
00000383	123.68664551	[9528] QUIK|GetApp1|10574|11-10--12:35
00000384	123.68678284	[9528] QUIK|GetApp2|2021|-nan(ind)
00000385	123.68702698	[9528] QUIK|GetApp3|1825.5|0.0|0|1
00000386	123.68716431	[9528] QUIK|OnCalc1|10574|11-10--12:35
00000387	123.68728638	[9528] QUIK|OnCalc2|nil|-nan(ind)
00000388	123.68742371	[9528] QUIK|OnCalc3|2020|10573|2020|1825.5
00000389	123.68756104	[9528] QUIK|OnCalc3|2021|10573|2021|1825.5
00000390	126.12691498	[9528] QUIK|GetApp1|10574|11-10--12:35
00000391	126.12703705	[9528] QUIK|GetApp2|2022|-nan(ind)
00000392	126.12718201	[9528] QUIK|GetApp3|1825.5|0.0|0|1
00000393	126.12731171	[9528] QUIK|OnCalc1|10574|11-10--12:35
00000394	126.12742615	[9528] QUIK|OnCalc2|nil|-nan(ind)
00000395	126.12756348	[9528] QUIK|OnCalc3|2021|10573|2021|1825.5
00000396	126.12770844	[9528] QUIK|OnCalc3|2022|10573|2022|1825.5
00000397	128.63917542	[9528] QUIK|GetApp1|10574|11-10--12:35
00000398	128.63928223	[9528] QUIK|GetApp2|2023|-nan(ind)
00000399	128.63943481	[9528] QUIK|GetApp3|1825.5|0.0|0|1
00000400	128.63957214	[9528] QUIK|OnCalc1|10574|11-10--12:35
00000401	128.63969421	[9528] QUIK|OnCalc2|nil|-nan(ind)
00000402	128.63983154	[9528] QUIK|OnCalc3|2022|10573|2022|1825.5
00000403	128.63999939	[9528] QUIK|OnCalc3|2023|10573|2023|1825.5
00000404	131.16503906	[9528] QUIK|GetApp1|10574|11-10--12:35
00000405	131.16522217	[9528] QUIK|GetApp2|2024|-nan(ind)
00000406	131.16548157	[9528] QUIK|GetApp3|1825.5|0.0|0|1
00000407	131.16551208	[9528] QUIK|OnCalc1|10574|11-10--12:35
00000408	131.16564941	[9528] QUIK|OnCalc2|nil|-nan(ind)
00000409	131.16578674	[9528] QUIK|OnCalc3|2023|10573|2023|1825.5
00000410	131.16590881	[9528] QUIK|OnCalc3|2024|10573|2024|1825.5
00000411	133.49197388	[9528] QUIK|GetApp1|10574|11-10--12:35
00000412	133.49208069	[9528] QUIK|GetApp2|2025|-nan(ind)
00000413	133.49224854	[9528] QUIK|GetApp3|1825.5|0.0|0|1
00000414	133.49237061	[9528] QUIK|OnCalc1|10574|11-10--12:35
00000415	133.49264526	[9528] QUIK|OnCalc2|nil|-nan(ind)
00000416	133.49276733	[9528] QUIK|OnCalc3|2024|10573|2024|1825.5
00000417	133.49290466	[9528] QUIK|OnCalc3|2025|10573|2025|1825.5
00000418	137.93998718	[9528] QUIK|GetApp1|10574|11-10--12:35
00000419	137.94020081	[9528] QUIK|GetApp2|2026|-nan(ind)
00000420	137.94047546	[9528] QUIK|GetApp3|1825.5|0.0|0|1
00000421	137.94071960	[9528] QUIK|OnCalc1|10574|11-10--12:35
00000422	137.94096375	[9528] QUIK|OnCalc2|nil|-nan(ind)
00000423	137.94117737	[9528] QUIK|OnCalc3|2025|10573|2025|1825.5
00000424	137.94142151	[9528] QUIK|OnCalc3|2026|10573|2026|1825.5
00000425	140.39889526	[9528] QUIK|GetApp1|10574|11-10--12:35
00000426	140.39903259	[9528] QUIK|GetApp2|2027|-nan(ind)
00000427	140.39916992	[9528] QUIK|GetApp3|1825.5|0.0|0|1
00000428	140.39929199	[9528] QUIK|OnCalc1|10574|11-10--12:35
00000429	140.39942932	[9528] QUIK|OnCalc2|nil|-nan(ind)
00000430	140.39955139	[9528] QUIK|OnCalc3|2026|10573|2026|1825.5
00000431	140.39968872	[9528] QUIK|OnCalc3|2027|10573|2027|1825.5
00000432	142.71784973	[9528] QUIK|GetApp1|10574|11-10--12:35
00000433	142.71798706	[9528] QUIK|GetApp2|2028|-nan(ind)
00000434	142.71813965	[9528] QUIK|GetApp3|1825.5|0.0|0|1
00000435	142.71827698	[9528] QUIK|OnCalc1|10574|11-10--12:35
00000436	142.71844482	[9528] QUIK|OnCalc2|nil|-nan(ind)
00000437	142.71852112	[9528] QUIK|OnCalc3|2027|10573|2027|1825.5
00000438	142.71867371	[9528] QUIK|OnCalc3|2028|10573|2028|1825.5
00000439	145.05914307	[9528] QUIK|GetApp1|10574|11-10--12:35
00000440	145.05924988	[9528] QUIK|GetApp2|2029|-nan(ind)
00000441	145.05940247	[9528] QUIK|GetApp3|1825.5|0.0|0|1
00000442	145.05953979	[9528] QUIK|OnCalc1|10574|11-10--12:35
00000443	145.05966187	[9528] QUIK|OnCalc2|nil|-nan(ind)
00000444	145.05979919	[9528] QUIK|OnCalc3|2028|10573|2028|1825.5
00000445	145.05993652	[9528] QUIK|OnCalc3|2029|10573|2029|1825.5
00000446	145.08836365	[9528] QUIK|GetApp1|10574|11-10--12:35
00000447	145.08851624	[9528] QUIK|GetApp2|2030|-nan(ind)
00000448	145.08866882	[9528] QUIK|GetApp3|1825.5|0.0|0|1
00000449	145.08879089	[9528] QUIK|OnCalc1|10574|11-10--12:35
00000450	145.08891296	[9528] QUIK|OnCalc2|nil|-nan(ind)
00000451	145.08905029	[9528] QUIK|OnCalc3|2029|10573|2029|1825.5
00000452	145.08918762	[9528] QUIK|OnCalc3|2030|10573|2030|1825.5
00000453	147.72375488	[9528] QUIK|GetApp1|10574|11-10--12:35
00000454	147.72386169	[9528] QUIK|GetApp2|2031|-nan(ind)
00000455	147.72401428	[9528] QUIK|GetApp3|1825.5|0.0|0|1
00000456	147.72416687	[9528] QUIK|OnCalc1|10574|11-10--12:35
00000457	147.72428894	[9528] QUIK|OnCalc2|nil|-nan(ind)
00000458	147.72442627	[9528] QUIK|OnCalc3|2030|10573|2030|1825.5
00000459	147.72456360	[9528] QUIK|OnCalc3|2031|10573|2031|1825.5
00000460	147.73735046	[9528] QUIK|GetApp1|10574|11-10--12:35
00000461	147.73747253	[9528] QUIK|GetApp2|2032|-nan(ind)
00000462	147.73762512	[9528] QUIK|GetApp3|1825.5|0.0|0|1
00000463	147.73774719	[9528] QUIK|OnCalc1|10574|11-10--12:35
00000464	147.73786926	[9528] QUIK|OnCalc2|nil|-nan(ind)
00000465	147.73800659	[9528] QUIK|OnCalc3|2031|10573|2031|1825.5
00000466	147.73814392	[9528] QUIK|OnCalc3|2032|10573|2032|1825.5
00000467	150.01541138	[9528] QUIK|GetApp1|10574|11-10--12:35
00000468	150.01556396	[9528] QUIK|GetApp2|2033|-nan(ind)
00000469	150.01568604	[9528] QUIK|GetApp3|1825.5|0.0|0|1
00000470	150.01583862	[9528] QUIK|OnCalc1|10574|11-10--12:35
00000471	150.01603699	[9528] QUIK|OnCalc2|nil|-nan(ind)
00000472	150.01608276	[9528] QUIK|OnCalc3|2032|10573|2032|1825.5
00000473	150.01623535	[9528] QUIK|OnCalc3|2033|10573|2033|1825.5
00000474	152.33345032	[9528] QUIK|GetApp1|10574|11-10--12:35
00000475	152.33357239	[9528] QUIK|GetApp2|2034|-nan(ind)
00000476	152.33384705	[9528] QUIK|GetApp3|1825.5|0.0|0|1
00000477	152.33398438	[9528] QUIK|OnCalc1|10574|11-10--12:35
00000478	152.33410645	[9528] QUIK|OnCalc2|nil|-nan(ind)
00000479	152.33424377	[9528] QUIK|OnCalc3|2033|10573|2033|1825.5
00000480	152.33438110	[9528] QUIK|OnCalc3|2034|10573|2034|1825.5
00000481	154.74291992	[9528] QUIK|GetApp1|10574|11-10--12:35
00000482	154.74307251	[9528] QUIK|GetApp2|2035|-nan(ind)
00000483	154.74320984	[9528] QUIK|GetApp3|1825.5|0.0|0|1
00000484	154.74333191	[9528] QUIK|OnCalc1|10574|11-10--12:35
00000485	154.74345398	[9528] QUIK|OnCalc2|nil|-nan(ind)
00000486	154.74359131	[9528] QUIK|OnCalc3|2034|10573|2034|1825.5
00000487	154.74372864	[9528] QUIK|OnCalc3|2035|10573|2035|1825.5
00000488	154.76608276	[9528] QUIK|GetApp1|10574|11-10--12:35
00000489	154.76620483	[9528] QUIK|GetApp2|2036|-nan(ind)
00000490	154.76634216	[9528] QUIK|GetApp3|1825.5|0.0|0|1
00000491	154.76649475	[9528] QUIK|OnCalc1|10574|11-10--12:35
00000492	154.76660156	[9528] QUIK|OnCalc2|nil|-nan(ind)
00000493	154.76673889	[9528] QUIK|OnCalc3|2035|10573|2035|1825.5
00000494	154.76687622	[9528] QUIK|OnCalc3|2036|10573|2036|1825.5
00000495	157.43827820	[9528] QUIK|GetApp1|10574|11-10--12:35
00000496	157.43852234	[9528] QUIK|GetApp2|2037|-nan(ind)
00000497	157.43878174	[9528] QUIK|GetApp3|1825.5|0.0|0|1
00000498	157.43904114	[9528] QUIK|OnCalc1|10574|11-10--12:35
00000499	157.43923950	[9528] QUIK|OnCalc2|nil|-nan(ind)
00000500	157.43946838	[9528] QUIK|OnCalc3|2036|10573|2036|1825.5
00000501	157.43972778	[9528] QUIK|OnCalc3|2037|10573|2037|1825.5
00000502	159.75439453	[9528] QUIK|GetApp1|10574|11-10--12:35
00000503	159.75451660	[9528] QUIK|GetApp2|2038|-nan(ind)
00000504	159.75466919	[9528] QUIK|GetApp3|1825.5|0.0|0|1
00000505	159.75480652	[9528] QUIK|OnCalc1|10574|11-10--12:35
00000506	159.75491333	[9528] QUIK|OnCalc2|nil|-nan(ind)
00000507	159.75506592	[9528] QUIK|OnCalc3|2037|10573|2037|1825.5
00000508	159.75520325	[9528] QUIK|OnCalc3|2038|10573|2038|1825.5
00000509	162.06335449	[9528] QUIK|GetApp1|10574|11-10--12:35
00000510	162.06358337	[9528] QUIK|GetApp2|2039|-nan(ind)
00000511	162.06379700	[9528] QUIK|GetApp3|1825.5|0.0|0|1
00000512	162.06390381	[9528] QUIK|OnCalc1|10574|11-10--12:35
00000513	162.06401062	[9528] QUIK|OnCalc2|nil|-nan(ind)
00000514	162.06414795	[9528] QUIK|OnCalc3|2038|10573|2038|1825.5
00000515	162.06430054	[9528] QUIK|OnCalc3|2039|10573|2039|1825.5
00000516	164.41117859	[9528] QUIK|GetApp1|10574|11-10--12:35
00000517	164.41142273	[9528] QUIK|GetApp2|2040|-nan(ind)
00000518	164.41159058	[9528] QUIK|GetApp3|1825.5|0.0|0|1
00000519	164.41171265	[9528] QUIK|OnCalc1|10574|11-10--12:35
00000520	164.41183472	[9528] QUIK|OnCalc2|nil|-nan(ind)
00000521	164.41197205	[9528] QUIK|OnCalc3|2039|10573|2039|1825.5
00000522	164.41209412	[9528] QUIK|OnCalc3|2040|10573|2040|1825.5
00000523	174.16970825	[9528] QUIK|GetApp1|10574|11-10--12:35
00000524	174.16999817	[9528] QUIK|GetApp2|2041|-nan(ind)
00000525	174.17025757	[9528] QUIK|GetApp3|1825.5|0.0|0|1
00000526	174.17053223	[9528] QUIK|OnCalc1|10574|11-10--12:35
00000527	174.17077637	[9528] QUIK|OnCalc2|nil|-nan(ind)
00000528	174.17100525	[9528] QUIK|OnCalc3|2040|10573|2040|1825.5
00000529	174.17126465	[9528] QUIK|OnCalc3|2041|10573|2041|1825.5
00000530	180.05229187	[9528] QUIK|GetApp1|10574|11-10--12:35
00000531	180.05255127	[9528] QUIK|GetApp2|2042|-nan(ind)
00000532	180.05279541	[9528] QUIK|GetApp3|1825.5|0.0|0|1
00000533	180.05305481	[9528] QUIK|OnCalc1|10574|11-10--12:35
00000534	180.05325317	[9528] QUIK|OnCalc2|nil|-nan(ind)
00000535	180.05349731	[9528] QUIK|OnCalc3|2041|10573|2041|1825.5
00000536	180.05375671	[9528] QUIK|OnCalc3|2042|10573|2042|1825.5
00000537	184.39062500	[9528] QUIK|GetApp1|10574|11-10--12:35
00000538	184.39088440	[9528] QUIK|GetApp2|2043|-nan(ind)
00000539	184.39118958	[9528] QUIK|GetApp3|1825.5|0.0|0|1
00000540	184.39141846	[9528] QUIK|OnCalc1|10574|11-10--12:35
00000541	184.39164734	[9528] QUIK|OnCalc2|nil|-nan(ind)
00000542	184.39189148	[9528] QUIK|OnCalc3|2042|10573|2042|1825.5
00000543	184.39213562	[9528] QUIK|OnCalc3|2043|10573|2043|1825.5
00000544	189.37533569	[9528] QUIK|GetApp1|10574|11-10--12:35
00000545	189.37554932	[9528] QUIK|GetApp2|2044|-nan(ind)
00000546	189.37582397	[9528] QUIK|GetApp3|1825.5|0.0|0|1
00000547	189.37623596	[9528] QUIK|OnCalc1|10574|11-10--12:35
00000548	189.37648010	[9528] QUIK|OnCalc2|nil|-nan(ind)
00000549	189.37670898	[9528] QUIK|OnCalc3|2043|10573|2043|1825.5
00000550	189.37695313	[9528] QUIK|OnCalc3|2044|10573|2044|1825.5
00000551	201.58387756	[9528] QUIK|GetApp1|10574|11-10--12:35
00000552	201.58413696	[9528] QUIK|GetApp2|2045|-nan(ind)
00000553	201.58438110	[9528] QUIK|GetApp3|1825.5|0.0|0|1
00000554	201.58465576	[9528] QUIK|OnCalc1|10574|11-10--12:35
00000555	201.58483887	[9528] QUIK|OnCalc2|nil|-nan(ind)
00000556	201.58509827	[9528] QUIK|OnCalc3|2044|10573|2044|1825.5
00000557	201.58535767	[9528] QUIK|OnCalc3|2045|10573|2045|1825.5
00000558	206.15278625	[9528] QUIK|GetApp1|10574|11-10--12:35
00000559	206.15306091	[9528] QUIK|GetApp2|2046|-nan(ind)
00000560	206.15332031	[9528] QUIK|GetApp3|1825.5|0.0|0|1
00000561	206.15357971	[9528] QUIK|OnCalc1|10574|11-10--12:35
00000562	206.15374756	[9528] QUIK|OnCalc2|nil|-nan(ind)
00000563	206.15400696	[9528] QUIK|OnCalc3|2045|10573|2045|1825.5
00000564	206.15426636	[9528] QUIK|OnCalc3|2046|10573|2046|1825.5
00000565	208.50289917	[9528] QUIK|GetApp1|10574|11-10--12:35
00000566	208.50302124	[9528] QUIK|GetApp2|2047|-nan(ind)
00000567	208.50317383	[9528] QUIK|GetApp3|1825.5|0.0|0|1
00000568	208.50329590	[9528] QUIK|OnCalc1|10574|11-10--12:35
00000569	208.50341797	[9528] QUIK|OnCalc2|nil|-nan(ind)
00000570	208.50355530	[9528] QUIK|OnCalc3|2046|10573|2046|1825.5
00000571	208.50369263	[9528] QUIK|OnCalc3|2047|10573|2047|1825.5
00000572	217.19152832	[9528] QUIK|GetApp1|10574|11-10--12:35
00000573	217.19165039	[9528] QUIK|GetApp2|2048|-nan(ind)
00000574	217.19180298	[9528] QUIK|GetApp3|1825.5|0.0|0|1
00000575	217.19194031	[9528] QUIK|OnCalc1|10574|11-10--12:35
00000576	217.19206238	[9528] QUIK|OnCalc2|nil|-nan(ind)
00000577	217.19218445	[9528] QUIK|OnCalc3|2047|10573|2047|1825.5
00000578	217.19232178	[9528] QUIK|OnCalc3|2048|10573|2048|1825.5
00000579	219.73774719	[9528] QUIK|GetApp1|10574|11-10--12:35
00000580	219.73788452	[9528] QUIK|GetApp2|2049|-nan(ind)
00000581	219.73803711	[9528] QUIK|GetApp3|1825.5|0.0|0|1
00000582	219.73815918	[9528] QUIK|OnCalc1|10574|11-10--12:35
00000583	219.73829651	[9528] QUIK|OnCalc2|nil|-nan(ind)
00000584	219.73841858	[9528] QUIK|OnCalc3|2048|10573|2048|1825.5
00000585	219.73857117	[9528] QUIK|OnCalc3|2049|10573|2049|1825.5
00000586	219.74374390	[9528] QUIK|GetApp1|10574|11-10--12:35
00000587	219.74385071	[9528] QUIK|GetApp2|2050|-nan(ind)
00000588	219.74412537	[9528] QUIK|GetApp3|1825.5|0.0|0|1
00000589	219.74420166	[9528] QUIK|OnCalc1|10574|11-10--12:35
00000590	219.74433899	[9528] QUIK|OnCalc2|nil|-nan(ind)
00000591	219.74446106	[9528] QUIK|OnCalc3|2049|10573|2049|1825.5
00000592	219.74461365	[9528] QUIK|OnCalc3|2050|10573|2050|1825.5
00000593	231.16595459	[9528] QUIK|GetApp1|10574|11-10--12:35
00000594	231.16645813	[9528] QUIK|GetApp2|2051|-nan(ind)
00000595	231.16679382	[9528] QUIK|GetApp3|1825.5|0.0|0|1
00000596	231.16708374	[9528] QUIK|OnCalc1|10574|11-10--12:35
00000597	231.16740417	[9528] QUIK|OnCalc2|nil|-nan(ind)
00000598	231.16772461	[9528] QUIK|OnCalc3|2050|10573|2050|1825.5
00000599	231.20501709	[9528] QUIK|OnCalc3|2051|10573|2051|1825.5
00000600	237.35406494	[9528] QUIK|GetApp1|10574|11-10--12:35
00000601	237.35418701	[9528] QUIK|GetApp2|2052|-nan(ind)
00000602	237.35433960	[9528] QUIK|GetApp3|1825.5|0.0|0|1
00000603	237.35447693	[9528] QUIK|OnCalc1|10574|11-10--12:35
00000604	237.35459900	[9528] QUIK|OnCalc2|nil|-nan(ind)
00000605	237.35472107	[9528] QUIK|OnCalc3|2051|10573|2051|1825.5
00000606	237.35487366	[9528] QUIK|OnCalc3|2052|10573|2052|1825.5
00000607	239.73434448	[9528] QUIK|GetApp1|10574|11-10--12:35
00000608	239.73448181	[9528] QUIK|GetApp2|2053|-nan(ind)
00000609	239.73463440	[9528] QUIK|GetApp3|1825.5|0.0|0|1
00000610	239.73478699	[9528] QUIK|OnCalc1|10574|11-10--12:35
00000611	239.73489380	[9528] QUIK|OnCalc2|nil|-nan(ind)
00000612	239.73504639	[9528] QUIK|OnCalc3|2052|10573|2052|1825.5
00000613	239.73516846	[9528] QUIK|OnCalc3|2053|10573|2053|1825.5
00000614	245.63061523	[9528] QUIK|GetApp1|10574|11-10--12:35
00000615	245.63076782	[9528] QUIK|GetApp2|2054|-nan(ind)
00000616	245.63092041	[9528] QUIK|GetApp3|1825.5|0.0|0|1
00000617	245.63107300	[9528] QUIK|OnCalc1|10574|11-10--12:35
00000618	245.63117981	[9528] QUIK|OnCalc2|nil|-nan(ind)
00000619	245.63133240	[9528] QUIK|OnCalc3|2053|10573|2053|1825.5
00000620	245.63146973	[9528] QUIK|OnCalc3|2054|10573|2054|1825.5
00000621	264.82409668	[9528] QUIK|GetApp1|10574|11-10--12:35
00000622	264.82440186	[9528] QUIK|GetApp2|2055|-nan(ind)
00000623	264.82467651	[9528] QUIK|GetApp3|1825.5|0.0|0|1
00000624	264.82492065	[9528] QUIK|OnCalc1|10574|11-10--12:35
00000625	264.82516479	[9528] QUIK|OnCalc2|nil|-nan(ind)
00000626	264.82583618	[9528] QUIK|OnCalc3|2054|10573|2054|1825.5
00000627	264.82592773	[9528] QUIK|OnCalc3|2055|10573|2055|1825.5
00000628	267.17617798	[9528] QUIK|GetApp1|10574|11-10--12:35
00000629	267.17633057	[9528] QUIK|GetApp2|2056|-nan(ind)
00000630	267.17648315	[9528] QUIK|GetApp3|1825.5|0.0|0|1
00000631	267.17660522	[9528] QUIK|OnCalc1|10574|11-10--12:35
00000632	267.17672729	[9528] QUIK|OnCalc2|nil|-nan(ind)
00000633	267.17684937	[9528] QUIK|OnCalc3|2055|10573|2055|1825.5
00000634	267.17715454	[9528] QUIK|OnCalc3|2056|10573|2056|1825.5
00000635	271.59140015	[9528] QUIK|GetApp1|10574|11-10--12:35
00000636	271.59149170	[9528] QUIK|GetApp2|2057|-nan(ind)
00000637	271.59164429	[9528] QUIK|GetApp3|1825.5|0.0|0|1
00000638	271.59179688	[9528] QUIK|OnCalc1|10574|11-10--12:35
00000639	271.59194946	[9528] QUIK|OnCalc2|nil|-nan(ind)
00000640	271.59207153	[9528] QUIK|OnCalc3|2056|10573|2056|1825.5
00000641	271.59222412	[9528] QUIK|OnCalc3|2057|10573|2057|1825.5
00000642	271.60333252	[9528] QUIK|GetApp1|10574|11-10--12:35
00000643	271.60345459	[9528] QUIK|GetApp2|2058|-nan(ind)
00000644	271.60360718	[9528] QUIK|GetApp3|1825.5|0.0|0|1
00000645	271.60372925	[9528] QUIK|OnCalc1|10574|11-10--12:35
00000646	271.60385132	[9528] QUIK|OnCalc2|nil|-nan(ind)
00000647	271.60400391	[9528] QUIK|OnCalc3|2057|10573|2057|1825.5
00000648	271.60415649	[9528] QUIK|OnCalc3|2058|10573|2058|1825.5
00000649	279.95651245	[9528] QUIK|GetApp1|10574|11-10--12:35
00000650	279.95672607	[9528] QUIK|GetApp2|2059|-nan(ind)
00000651	279.95700073	[9528] QUIK|GetApp3|1825.5|0.0|0|1
00000652	279.95724487	[9528] QUIK|OnCalc1|10574|11-10--12:35
00000653	279.95748901	[9528] QUIK|OnCalc2|nil|-nan(ind)
00000654	279.95770264	[9528] QUIK|OnCalc3|2058|10573|2058|1825.5
00000655	279.95797729	[9528] QUIK|OnCalc3|2059|10573|2059|1825.5
00000656	287.02947998	[9528] QUIK|GetApp1|10574|11-10--12:35
00000657	287.02969360	[9528] QUIK|GetApp2|2060|-nan(ind)
00000658	287.02999878	[9528] QUIK|GetApp3|1825.5|0.0|0|1
00000659	287.03021240	[9528] QUIK|OnCalc1|10574|11-10--12:35
00000660	287.03048706	[9528] QUIK|OnCalc2|nil|-nan(ind)
00000661	287.03070068	[9528] QUIK|OnCalc3|2059|10573|2059|1825.5
00000662	287.03097534	[9528] QUIK|OnCalc3|2060|10573|2060|1825.5
00000663	293.39654541	[9528] QUIK|GetApp1|10574|11-10--12:35
00000664	293.39678955	[9528] QUIK|GetApp2|2061|-nan(ind)
00000665	293.39706421	[9528] QUIK|GetApp3|1825.5|0.0|0|1
00000666	293.39733887	[9528] QUIK|OnCalc1|10574|11-10--12:35
00000667	293.39755249	[9528] QUIK|OnCalc2|nil|-nan(ind)
00000668	293.39779663	[9528] QUIK|OnCalc3|2060|10573|2060|1825.5
00000669	293.39804077	[9528] QUIK|OnCalc3|2061|10573|2061|1825.5
00000670	298.92013550	[9528] QUIK|GetApp1|10574|11-10--12:35
00000671	298.92034912	[9528] QUIK|GetApp2|2062|-nan(ind)
00000672	298.92047119	[9528] QUIK|GetApp3|1825.5|0.0|0|1
00000673	298.92059326	[9528] QUIK|OnCalc1|10574|11-10--12:35
00000674	298.92095947	[9528] QUIK|OnCalc2|nil|-nan(ind)
00000675	298.92102051	[9528] QUIK|OnCalc3|2061|10573|2061|1825.5
00000676	298.92126465	[9528] QUIK|OnCalc3|2062|10573|2062|1825.5
00000677	301.62445068	[9528] QUIK|GetApp1|10574|11-10--12:35
00000678	301.62460327	[9528] QUIK|GetApp2|2063|-nan(ind)
00000679	301.62478638	[9528] QUIK|GetApp3|1825.5|0.0|0|1
00000680	301.62493896	[9528] QUIK|OnCalc1|10574|11-10--12:35
00000681	301.62506104	[9528] QUIK|OnCalc2|nil|-nan(ind)
00000682	301.62521362	[9528] QUIK|OnCalc3|2062|10573|2062|1825.5
00000683	301.62536621	[9528] QUIK|OnCalc3|2063|10573|2063|1825.5
00000684	309.41278076	[9528] QUIK|GetApp1|10574|11-10--12:35
00000685	309.41290283	[9528] QUIK|GetApp2|2064|-nan(ind)
00000686	309.41308594	[9528] QUIK|GetApp3|1825.5|0.0|0|1
00000687	309.41323853	[9528] QUIK|OnCalc1|10574|11-10--12:35
00000688	309.41339111	[9528] QUIK|OnCalc2|nil|-nan(ind)
00000689	309.41354370	[9528] QUIK|OnCalc3|2063|10573|2063|1825.5
00000690	309.41369629	[9528] QUIK|OnCalc3|2064|10573|2064|1825.5
00000691	312.01431274	[9528] QUIK|GetApp1|10574|11-10--12:35
00000692	312.01455688	[9528] QUIK|GetApp2|2065|-nan(ind)
00000693	312.01470947	[9528] QUIK|GetApp3|1825.5|0.0|0|1
00000694	312.01483154	[9528] QUIK|OnCalc1|10574|11-10--12:35
00000695	312.01495361	[9528] QUIK|OnCalc2|nil|-nan(ind)
00000696	312.01507568	[9528] QUIK|OnCalc3|2064|10573|2064|1825.5
00000697	312.01522827	[9528] QUIK|OnCalc3|2065|10573|2065|1825.5
00000698	316.81369019	[9528] QUIK|GetApp1|10574|11-10--12:35
00000699	316.81393433	[9528] QUIK|GetApp2|2066|-nan(ind)
00000700	316.81420898	[9528] QUIK|GetApp3|1825.5|0.0|0|1
00000701	316.81445313	[9528] QUIK|OnCalc1|10574|11-10--12:35
00000702	316.81466675	[9528] QUIK|OnCalc2|nil|-nan(ind)
00000703	316.81491089	[9528] QUIK|OnCalc3|2065|10573|2065|1825.5
00000704	316.81515503	[9528] QUIK|OnCalc3|2066|10573|2066|1825.5
00000705	319.10800171	[9528] QUIK|GetApp1|10574|11-10--12:35
00000706	319.10812378	[9528] QUIK|GetApp2|2067|-nan(ind)
00000707	319.10827637	[9528] QUIK|GetApp3|1825.5|0.0|0|1
00000708	319.10839844	[9528] QUIK|OnCalc1|10574|11-10--12:35
00000709	319.10852051	[9528] QUIK|OnCalc2|nil|-nan(ind)
00000710	319.10867310	[9528] QUIK|OnCalc3|2066|10573|2066|1825.5
00000711	319.10879517	[9528] QUIK|OnCalc3|2067|10573|2067|1825.5
00000712	319.12408447	[9528] QUIK|GetApp1|10574|11-10--12:35
00000713	319.12417603	[9528] QUIK|GetApp2|2068|-nan(ind)
00000714	319.12432861	[9528] QUIK|GetApp3|1825.5|0.0|0|1
00000715	319.12445068	[9528] QUIK|OnCalc1|10574|11-10--12:35
00000716	319.12457275	[9528] QUIK|OnCalc2|nil|-nan(ind)
00000717	319.12472534	[9528] QUIK|OnCalc3|2067|10573|2067|1825.5
00000718	319.12487793	[9528] QUIK|OnCalc3|2068|10573|2068|1825.5
00000719	321.46420288	[9528] QUIK|GetApp1|10574|11-10--12:35
00000720	321.46438599	[9528] QUIK|GetApp2|2069|-nan(ind)
00000721	321.46450806	[9528] QUIK|GetApp3|1825.5|0.0|0|1
00000722	321.46463013	[9528] QUIK|OnCalc1|10574|11-10--12:35
00000723	321.46475220	[9528] QUIK|OnCalc2|nil|-nan(ind)
00000724	321.46487427	[9528] QUIK|OnCalc3|2068|10573|2068|1825.5
00000725	321.46502686	[9528] QUIK|OnCalc3|2069|10573|2069|1825.5
00000726	323.75473022	[9528] QUIK|GetApp1|10574|11-10--12:35
00000727	323.75494385	[9528] QUIK|GetApp2|2070|-nan(ind)
00000728	323.75512695	[9528] QUIK|GetApp3|1825.5|0.0|0|1
00000729	323.75531006	[9528] QUIK|OnCalc1|10574|11-10--12:35
00000730	323.75546265	[9528] QUIK|OnCalc2|nil|-nan(ind)
00000731	323.75564575	[9528] QUIK|OnCalc3|2069|10573|2069|1825.5
00000732	323.75582886	[9528] QUIK|OnCalc3|2070|10573|2070|1825.5
00000733	323.77163696	[9528] QUIK|GetApp1|10574|11-10--12:35
00000734	323.77188110	[9528] QUIK|GetApp2|2071|-nan(ind)
00000735	323.77209473	[9528] QUIK|GetApp3|1825.5|0.0|0|1
00000736	323.77224731	[9528] QUIK|OnCalc1|10574|11-10--12:35
00000737	323.77246094	[9528] QUIK|OnCalc2|nil|-nan(ind)
00000738	323.77264404	[9528] QUIK|OnCalc3|2070|10573|2070|1825.5
00000739	323.77368164	[9528] QUIK|OnCalc3|2071|10573|2071|1825.5
00000740	326.13479614	[9528] QUIK|GetApp1|10574|11-10--12:35
00000741	326.13491821	[9528] QUIK|GetApp2|2072|-nan(ind)
00000742	326.13507080	[9528] QUIK|GetApp3|1825.5|0.0|0|1
00000743	326.13519287	[9528] QUIK|OnCalc1|10574|11-10--12:35
00000744	326.13531494	[9528] QUIK|OnCalc2|nil|-nan(ind)
00000745	326.13546753	[9528] QUIK|OnCalc3|2071|10573|2071|1825.5
00000746	326.13558960	[9528] QUIK|OnCalc3|2072|10573|2072|1825.5
00000747	328.42575073	[9528] QUIK|GetApp1|10574|11-10--12:35
00000748	328.42590332	[9528] QUIK|GetApp2|2073|-nan(ind)
00000749	328.42608643	[9528] QUIK|GetApp3|1825.5|0.0|0|1
00000750	328.42623901	[9528] QUIK|OnCalc1|10574|11-10--12:35
00000751	328.42633057	[9528] QUIK|OnCalc2|nil|-nan(ind)
00000752	328.42648315	[9528] QUIK|OnCalc3|2072|10573|2072|1825.5
00000753	328.42663574	[9528] QUIK|OnCalc3|2073|10573|2073|1825.5
00000754	328.43817139	[9528] QUIK|GetApp1|10574|11-10--12:35
00000755	328.43829346	[9528] QUIK|GetApp2|2074|-nan(ind)
00000756	328.43841553	[9528] QUIK|GetApp3|1825.5|0.0|0|1
00000757	328.43856812	[9528] QUIK|OnCalc1|10574|11-10--12:35
00000758	328.43869019	[9528] QUIK|OnCalc2|nil|-nan(ind)
00000759	328.43881226	[9528] QUIK|OnCalc3|2073|10573|2073|1825.5
00000760	328.43896484	[9528] QUIK|OnCalc3|2074|10573|2074|1825.5
00000761	334.39248657	[9528] QUIK|GetApp1|10574|11-10--12:35
00000762	334.39273071	[9528] QUIK|GetApp2|2075|-nan(ind)
00000763	334.39297485	[9528] QUIK|GetApp3|1825.5|0.0|0|1
00000764	334.39324951	[9528] QUIK|OnCalc1|10574|11-10--12:35
00000765	334.39346313	[9528] QUIK|OnCalc2|nil|-nan(ind)
00000766	334.39370728	[9528] QUIK|OnCalc3|2074|10573|2074|1825.5
00000767	334.39401245	[9528] QUIK|OnCalc3|2075|10573|2075|1825.5
00000768	338.00924683	[9528] QUIK|GetApp1|10574|11-10--12:35
00000769	338.00946045	[9528] QUIK|GetApp2|2076|-nan(ind)
00000770	338.00976563	[9528] QUIK|GetApp3|1825.5|0.0|0|1
00000771	338.00997925	[9528] QUIK|OnCalc1|10574|11-10--12:35
00000772	338.01025391	[9528] QUIK|OnCalc2|nil|-nan(ind)
00000773	338.01043701	[9528] QUIK|OnCalc3|2075|10573|2075|1825.5
00000774	338.01071167	[9528] QUIK|OnCalc3|2076|10573|2076|1825.5
00000775	341.64089966	[9528] QUIK|GetApp1|10574|11-10--12:35
00000776	341.64102173	[9528] QUIK|GetApp2|2077|-nan(ind)
00000777	341.64120483	[9528] QUIK|GetApp3|1825.5|0.0|0|1
00000778	341.64132690	[9528] QUIK|OnCalc1|10574|11-10--12:35
00000779	341.64144897	[9528] QUIK|OnCalc2|nil|-nan(ind)
00000780	341.64160156	[9528] QUIK|OnCalc3|2076|10573|2076|1825.5
00000781	341.64172363	[9528] QUIK|OnCalc3|2077|10573|2077|1825.5
00000782	344.65127563	[9528] QUIK|GetApp1|10574|11-10--12:35
00000783	344.65148926	[9528] QUIK|GetApp2|2078|-nan(ind)
00000784	344.65176392	[9528] QUIK|GetApp3|1825.5|0.0|0|1
00000785	344.65203857	[9528] QUIK|OnCalc1|10574|11-10--12:35
00000786	344.65222168	[9528] QUIK|OnCalc2|nil|-nan(ind)
00000787	344.65246582	[9528] QUIK|OnCalc3|2077|10573|2077|1825.5
00000788	344.65270996	[9528] QUIK|OnCalc3|2078|10573|2078|1825.5
00000789	354.82907104	[9528] QUIK|GetApp1|10574|11-10--12:35
00000790	354.82931519	[9528] QUIK|GetApp2|2079|-nan(ind)
00000791	354.82958984	[9528] QUIK|GetApp3|1825.5|0.0|0|1
00000792	354.82983398	[9528] QUIK|OnCalc1|10574|11-10--12:35
00000793	354.83007813	[9528] QUIK|OnCalc2|nil|-nan(ind)
00000794	354.83032227	[9528] QUIK|OnCalc3|2078|10573|2078|1825.5
00000795	354.83059692	[9528] QUIK|OnCalc3|2079|10573|2079|1825.5
00000796	379.33105469	[9528] QUIK|GetApp1|10575|11-10--12:40
00000797	379.33132935	[9528] QUIK|GetApp2|2079|-nan(ind)
00000798	379.33157349	[9528] QUIK|GetApp3|1825.5|0.0|0|2
00000799	379.33184814	[9528] QUIK|OnCalc1|10575|11-10--12:40
00000800	379.33203125	[9528] QUIK|OnCalc2|nil|-nan(ind)
00000801	379.33230591	[9528] QUIK|OnCalc3|2078|10573|2078|1825.5
00000802	379.33251953	[9528] QUIK|OnCalc3|2079|10573|2079|1825.5
00000803	381.63284302	[9528] QUIK|GetApp1|10575|11-10--12:40
00000804	381.63299561	[9528] QUIK|GetApp2|2079|-nan(ind)
00000805	381.63314819	[9528] QUIK|GetApp3|1825.5|0.0|0|2
00000806	381.63327026	[9528] QUIK|OnCalc1|10575|11-10--12:40
00000807	381.63342285	[9528] QUIK|OnCalc2|nil|-nan(ind)
00000808	381.63354492	[9528] QUIK|OnCalc3|2078|10573|2078|1825.5
00000809	381.63366699	[9528] QUIK|OnCalc3|2079|10573|2079|1825.5
00000810	387.43728638	[9528] QUIK|GetApp1|10575|11-10--12:40
00000811	387.43743896	[9528] QUIK|GetApp2|2079|-nan(ind)
00000812	387.43759155	[9528] QUIK|GetApp3|1825.5|0.0|0|2
00000813	387.43771362	[9528] QUIK|OnCalc1|10575|11-10--12:40
00000814	387.43783569	[9528] QUIK|OnCalc2|nil|-nan(ind)
00000815	387.43798828	[9528] QUIK|OnCalc3|2078|10573|2078|1825.5
00000816	387.43811035	[9528] QUIK|OnCalc3|2079|10573|2079|1825.5
00000817	394.80282593	[9528] QUIK|GetApp1|10575|11-10--12:40
00000818	394.80319214	[9528] QUIK|GetApp2|2079|-nan(ind)
00000819	394.80349731	[9528] QUIK|GetApp3|1825.5|0.0|0|2
00000820	394.80380249	[9528] QUIK|OnCalc1|10575|11-10--12:40
00000821	394.80410767	[9528] QUIK|OnCalc2|nil|-nan(ind)
00000822	394.80444336	[9528] QUIK|OnCalc3|2078|10573|2078|1825.5
00000823	394.81100464	[9528] QUIK|OnCalc3|2079|10573|2079|1825.5
00000824	401.79458618	[9528] QUIK|GetApp1|10575|11-10--12:40
00000825	401.79486084	[9528] QUIK|GetApp2|2079|-nan(ind)
00000826	401.79513550	[9528] QUIK|GetApp3|1825.5|0.0|0|2
00000827	401.79537964	[9528] QUIK|OnCalc1|10575|11-10--12:40
00000828	401.79562378	[9528] QUIK|OnCalc2|nil|-nan(ind)
00000829	401.79586792	[9528] QUIK|OnCalc3|2078|10573|2078|1825.5
00000830	401.79611206	[9528] QUIK|OnCalc3|2079|10573|2079|1825.5
00000831	411.81781006	[9528] QUIK|GetApp1|10575|11-10--12:40
00000832	411.81814575	[9528] QUIK|GetApp2|2079|-nan(ind)
00000833	411.81817627	[9528] QUIK|GetApp3|1825.5|0.0|0|2
00000834	411.81832886	[9528] QUIK|OnCalc1|10575|11-10--12:40
00000835	411.81845093	[9528] QUIK|OnCalc2|nil|-nan(ind)
00000836	411.81857300	[9528] QUIK|OnCalc3|2078|10573|2078|1825.5
00000837	411.81869507	[9528] QUIK|OnCalc3|2079|10573|2079|1825.5
00000838	432.04049683	[9528] QUIK|GetApp1|10575|11-10--12:40
00000839	432.04064941	[9528] QUIK|GetApp2|2079|-nan(ind)
00000840	432.04089355	[9528] QUIK|GetApp3|1825.5|0.0|0|2
00000841	432.04095459	[9528] QUIK|OnCalc1|10575|11-10--12:40
00000842	432.04116821	[9528] QUIK|OnCalc2|nil|-nan(ind)
00000843	432.04132080	[9528] QUIK|OnCalc3|2078|10573|2078|1825.5
00000844	432.04183960	[9528] QUIK|OnCalc3|2079|10573|2079|1825.5
00000845	437.30484009	[9528] QUIK|GetApp1|10575|11-10--12:40
00000846	437.30499268	[9528] QUIK|GetApp2|2079|-nan(ind)
00000847	437.30514526	[9528] QUIK|GetApp3|1825.5|0.0|0|2
00000848	437.30529785	[9528] QUIK|OnCalc1|10575|11-10--12:40
00000849	437.30538940	[9528] QUIK|OnCalc2|nil|-nan(ind)
00000850	437.30554199	[9528] QUIK|OnCalc3|2078|10573|2078|1825.5
00000851	437.30569458	[9528] QUIK|OnCalc3|2079|10573|2079|1825.5
00000852	440.56866455	[9528] QUIK|GetApp1|10575|11-10--12:40
00000853	440.56893921	[9528] QUIK|GetApp2|2079|-nan(ind)
00000854	440.56918335	[9528] QUIK|GetApp3|1825.5|0.0|0|2
00000855	440.56945801	[9528] QUIK|OnCalc1|10575|11-10--12:40
00000856	440.56964111	[9528] QUIK|OnCalc2|nil|-nan(ind)
00000857	440.56991577	[9528] QUIK|OnCalc3|2078|10573|2078|1825.5
00000858	440.57015991	[9528] QUIK|OnCalc3|2079|10573|2079|1825.5
00000859	445.81781006	[9528] QUIK|GetApp1|10575|11-10--12:40
00000860	445.81796265	[9528] QUIK|GetApp2|2079|-nan(ind)
00000861	445.81811523	[9528] QUIK|GetApp3|1825.5|0.0|0|2
00000862	445.81820679	[9528] QUIK|OnCalc1|10575|11-10--12:40
00000863	445.81832886	[9528] QUIK|OnCalc2|nil|-nan(ind)
00000864	445.81848145	[9528] QUIK|OnCalc3|2078|10573|2078|1825.5
00000865	445.81863403	[9528] QUIK|OnCalc3|2079|10573|2079|1825.5
00000866	451.54791260	[9528] QUIK|GetApp1|10575|11-10--12:40
00000867	451.54806519	[9528] QUIK|GetApp2|2079|-nan(ind)
00000868	451.54821777	[9528] QUIK|GetApp3|1825.5|0.0|0|2
00000869	451.54837036	[9528] QUIK|OnCalc1|10575|11-10--12:40
00000870	451.54891968	[9528] QUIK|OnCalc2|nil|-nan(ind)
00000871	451.54919434	[9528] QUIK|OnCalc3|2078|10573|2078|1825.5
00000872	451.54934692	[9528] QUIK|OnCalc3|2079|10573|2079|1825.5
00000873	463.96350098	[9528] QUIK|GetApp1|10575|11-10--12:40
00000874	463.96374512	[9528] QUIK|GetApp2|2079|-nan(ind)
00000875	463.96401978	[9528] QUIK|GetApp3|1825.5|0.0|0|2
00000876	463.96426392	[9528] QUIK|OnCalc1|10575|11-10--12:40
00000877	463.96447754	[9528] QUIK|OnCalc2|nil|-nan(ind)
00000878	463.96472168	[9528] QUIK|OnCalc3|2078|10573|2078|1825.5
00000879	463.96496582	[9528] QUIK|OnCalc3|2079|10573|2079|1825.5
00000880	466.41531372	[9528] QUIK|GetApp1|10575|11-10--12:40
00000881	466.41552734	[9528] QUIK|GetApp2|2079|-nan(ind)
00000882	466.41586304	[9528] QUIK|GetApp3|1825.5|0.0|0|2
00000883	466.41601563	[9528] QUIK|OnCalc1|10575|11-10--12:40
00000884	466.41613770	[9528] QUIK|OnCalc2|nil|-nan(ind)
00000885	466.41629028	[9528] QUIK|OnCalc3|2078|10573|2078|1825.5
00000886	466.41644287	[9528] QUIK|OnCalc3|2079|10573|2079|1825.5
00000887	469.49667358	[9528] QUIK|GetApp1|10575|11-10--12:40
00000888	469.49679565	[9528] QUIK|GetApp2|2079|-nan(ind)
00000889	469.49694824	[9528] QUIK|GetApp3|1825.5|0.0|0|2
00000890	469.49710083	[9528] QUIK|OnCalc1|10575|11-10--12:40
00000891	469.49719238	[9528] QUIK|OnCalc2|nil|-nan(ind)
00000892	469.49740601	[9528] QUIK|OnCalc3|2078|10573|2078|1825.5
00000893	469.49755859	[9528] QUIK|OnCalc3|2079|10573|2079|1825.5
00000894	473.56210327	[9528] QUIK|GetApp1|10575|11-10--12:40
00000895	473.56225586	[9528] QUIK|GetApp2|2079|-nan(ind)
00000896	473.56240845	[9528] QUIK|GetApp3|1825.5|0.0|0|2
00000897	473.56256104	[9528] QUIK|OnCalc1|10575|11-10--12:40
00000898	473.56268311	[9528] QUIK|OnCalc2|nil|-nan(ind)
00000899	473.56292725	[9528] QUIK|OnCalc3|2078|10573|2078|1825.5
00000900	473.56301880	[9528] QUIK|OnCalc3|2079|10573|2079|1825.5
00000901	484.84204102	[9528] QUIK|GetApp1|10575|11-10--12:40
00000902	484.84228516	[9528] QUIK|GetApp2|2079|-nan(ind)
00000903	484.84255981	[9528] QUIK|GetApp3|1825.5|0.0|0|2
00000904	484.84280396	[9528] QUIK|OnCalc1|10575|11-10--12:40
00000905	484.84301758	[9528] QUIK|OnCalc2|nil|-nan(ind)
00000906	484.84326172	[9528] QUIK|OnCalc3|2078|10573|2078|1825.5
00000907	484.84350586	[9528] QUIK|OnCalc3|2079|10573|2079|1825.5
00000908	515.86547852	[9528] QUIK|GetApp1|10575|11-10--12:40
00000909	515.86572266	[9528] QUIK|GetApp2|2079|-nan(ind)
00000910	515.86578369	[9528] QUIK|GetApp3|1825.5|0.0|0|2
00000911	515.86596680	[9528] QUIK|OnCalc1|10575|11-10--12:40
00000912	515.86608887	[9528] QUIK|OnCalc2|nil|-nan(ind)
00000913	515.86621094	[9528] QUIK|OnCalc3|2078|10573|2078|1825.5
00000914	515.86639404	[9528] QUIK|OnCalc3|2079|10573|2079|1825.5
00000915	520.38201904	[9528] QUIK|GetApp1|10575|11-10--12:40
00000916	520.38214111	[9528] QUIK|GetApp2|2079|-nan(ind)
00000917	520.38232422	[9528] QUIK|GetApp3|1825.5|0.0|0|2
00000918	520.38238525	[9528] QUIK|OnCalc1|10575|11-10--12:40
00000919	520.38256836	[9528] QUIK|OnCalc2|nil|-nan(ind)
00000920	520.38269043	[9528] QUIK|OnCalc3|2078|10573|2078|1825.5
00000921	520.38305664	[9528] QUIK|OnCalc3|2079|10573|2079|1825.5
00000922	525.28338623	[9528] QUIK|GetApp1|10575|11-10--12:40
00000923	525.28350830	[9528] QUIK|GetApp2|2079|-nan(ind)
00000924	525.28369141	[9528] QUIK|GetApp3|1825.5|0.0|0|2
00000925	525.28381348	[9528] QUIK|OnCalc1|10575|11-10--12:40
00000926	525.28393555	[9528] QUIK|OnCalc2|nil|-nan(ind)
00000927	525.28430176	[9528] QUIK|OnCalc3|2078|10573|2078|1825.5
00000928	525.28448486	[9528] QUIK|OnCalc3|2079|10573|2079|1825.5
00000929	530.15124512	[9528] QUIK|GetApp1|10575|11-10--12:40
00000930	530.15142822	[9528] QUIK|GetApp2|2079|-nan(ind)
00000931	530.15161133	[9528] QUIK|GetApp3|1825.5|0.0|0|2
00000932	530.15173340	[9528] QUIK|OnCalc1|10575|11-10--12:40
00000933	530.15216064	[9528] QUIK|OnCalc2|nil|-nan(ind)
00000934	530.15234375	[9528] QUIK|OnCalc3|2078|10573|2078|1825.5
00000935	530.15252686	[9528] QUIK|OnCalc3|2079|10573|2079|1825.5
00000936	533.87878418	[9528] QUIK|GetApp1|10575|11-10--12:40
00000937	533.87896729	[9528] QUIK|GetApp2|2079|-nan(ind)
00000938	533.87927246	[9528] QUIK|GetApp3|1825.5|0.0|0|2
00000939	533.87957764	[9528] QUIK|OnCalc1|10575|11-10--12:40
00000940	533.87976074	[9528] QUIK|OnCalc2|nil|-nan(ind)
00000941	533.87994385	[9528] QUIK|OnCalc3|2078|10573|2078|1825.5
00000942	533.88012695	[9528] QUIK|OnCalc3|2079|10573|2079|1825.5
00000943	545.57745361	[9528] QUIK|GetApp1|10575|11-10--12:40
00000944	545.57763672	[9528] QUIK|GetApp2|2079|-nan(ind)
00000945	545.57775879	[9528] QUIK|GetApp3|1825.5|0.0|0|2
00000946	545.57794189	[9528] QUIK|OnCalc1|10575|11-10--12:40
00000947	545.57806396	[9528] QUIK|OnCalc2|nil|-nan(ind)
00000948	545.57818604	[9528] QUIK|OnCalc3|2078|10573|2078|1825.5
00000949	545.57836914	[9528] QUIK|OnCalc3|2079|10573|2079|1825.5
00000950	555.68670654	[9528] QUIK|GetApp1|10575|11-10--12:40
00000951	555.68701172	[9528] QUIK|GetApp2|2079|-nan(ind)
00000952	555.68731689	[9528] QUIK|GetApp3|1825.5|0.0|0|2
00000953	555.68750000	[9528] QUIK|OnCalc1|10575|11-10--12:40
00000954	555.68780518	[9528] QUIK|OnCalc2|nil|-nan(ind)
00000955	555.68804932	[9528] QUIK|OnCalc3|2078|10573|2078|1825.5
00000956	555.68835449	[9528] QUIK|OnCalc3|2079|10573|2079|1825.5
00000957	586.32604980	[9528] QUIK|GetApp1|10575|11-10--12:40
00000958	586.32702637	[9528] QUIK|GetApp2|2079|-nan(ind)
00000959	586.32739258	[9528] QUIK|GetApp3|1825.5|0.0|0|2
00000960	586.32757568	[9528] QUIK|OnCalc1|10575|11-10--12:40
00000961	586.32775879	[9528] QUIK|OnCalc2|nil|-nan(ind)
00000962	586.32800293	[9528] QUIK|OnCalc3|2078|10573|2078|1825.5
00000963	586.33074951	[9528] QUIK|OnCalc3|2079|10573|2079|1825.5
00000964	600.50305176	[9528] QUIK|GetApp1|10575|11-10--12:40
00000965	600.50347900	[9528] QUIK|GetApp2|2079|-nan(ind)
00000966	600.50372314	[9528] QUIK|GetApp3|1825.5|0.0|0|2
00000967	600.50378418	[9528] QUIK|OnCalc1|10575|11-10--12:40
00000968	600.50396729	[9528] QUIK|OnCalc2|nil|-nan(ind)
00000969	600.50421143	[9528] QUIK|OnCalc3|2078|10573|2078|1825.5
00000970	600.50598145	[9528] QUIK|OnCalc3|2079|10573|2079|1825.5
00000971	615.20892334	[9528] QUIK|GetApp1|10575|11-10--12:40
00000972	615.20904541	[9528] QUIK|GetApp2|2079|-nan(ind)
00000973	615.20928955	[9528] QUIK|GetApp3|1825.5|0.0|0|2
00000974	615.20953369	[9528] QUIK|OnCalc1|10575|11-10--12:40
00000975	615.20989990	[9528] QUIK|OnCalc2|nil|-nan(ind)
00000976	615.20996094	[9528] QUIK|OnCalc3|2078|10573|2078|1825.5
00000977	615.21026611	[9528] QUIK|OnCalc3|2079|10573|2079|1825.5
00000978	623.51104736	[9528] QUIK|GetApp1|10575|11-10--12:40
00000979	623.51129150	[9528] QUIK|GetApp2|2079|-nan(ind)
00000980	623.51159668	[9528] QUIK|GetApp3|1825.5|0.0|0|2
00000981	623.51177979	[9528] QUIK|OnCalc1|10575|11-10--12:40
00000982	623.51208496	[9528] QUIK|OnCalc2|nil|-nan(ind)
00000983	623.51232910	[9528] QUIK|OnCalc3|2078|10573|2078|1825.5
00000984	623.51257324	[9528] QUIK|OnCalc3|2079|10573|2079|1825.5
00000985	623.51763916	[9528] QUIK|GetApp1|10575|11-10--12:40
00000986	623.51782227	[9528] QUIK|GetApp2|2079|-nan(ind)
00000987	623.51812744	[9528] QUIK|GetApp3|1825.5|0.0|0|2
00000988	623.51831055	[9528] QUIK|OnCalc1|10575|11-10--12:40
00000989	623.51855469	[9528] QUIK|OnCalc2|nil|-nan(ind)
00000990	623.51879883	[9528] QUIK|OnCalc3|2078|10573|2078|1825.5
00000991	623.51904297	[9528] QUIK|OnCalc3|2079|10573|2079|1825.5
00000992	626.09179688	[9528] QUIK|GetApp1|10575|11-10--12:40
00000993	626.09185791	[9528] QUIK|GetApp2|2079|-nan(ind)
00000994	626.09204102	[9528] QUIK|GetApp3|1825.5|0.0|0|2
00000995	626.09216309	[9528] QUIK|OnCalc1|10575|11-10--12:40
00000996	626.09228516	[9528] QUIK|OnCalc2|nil|-nan(ind)
00000997	626.09246826	[9528] QUIK|OnCalc3|2078|10573|2078|1825.5
00000998	626.09259033	[9528] QUIK|OnCalc3|2079|10573|2079|1825.5
00000999	630.83880615	[9528] QUIK|GetApp1|10575|11-10--12:40
00001000	630.83898926	[9528] QUIK|GetApp2|2079|-nan(ind)
00001001	630.83917236	[9528] QUIK|GetApp3|1825.5|0.0|0|2
00001002	630.83935547	[9528] QUIK|OnCalc1|10575|11-10--12:40
00001003	630.83947754	[9528] QUIK|OnCalc2|nil|-nan(ind)
00001004	630.83966064	[9528] QUIK|OnCalc3|2078|10573|2078|1825.5
00001005	630.83978271	[9528] QUIK|OnCalc3|2079|10573|2079|1825.5
00001006	630.84924316	[9528] QUIK|GetApp1|10575|11-10--12:40
00001007	630.84936523	[9528] QUIK|GetApp2|2079|-nan(ind)
00001008	630.84960938	[9528] QUIK|GetApp3|1825.5|0.0|0|2
00001009	630.84973145	[9528] QUIK|OnCalc1|10575|11-10--12:40
00001010	630.84985352	[9528] QUIK|OnCalc2|nil|-nan(ind)
00001011	630.85003662	[9528] QUIK|OnCalc3|2078|10573|2078|1825.5
00001012	630.85021973	[9528] QUIK|OnCalc3|2079|10573|2079|1825.5
00001013	633.45635986	[9528] QUIK|GetApp1|10575|11-10--12:40
00001014	633.45642090	[9528] QUIK|GetApp2|2079|-nan(ind)
00001015	633.45660400	[9528] QUIK|GetApp3|1825.5|0.0|0|2
00001016	633.45672607	[9528] QUIK|OnCalc1|10575|11-10--12:40
00001017	633.45684814	[9528] QUIK|OnCalc2|nil|-nan(ind)
00001018	633.45697021	[9528] QUIK|OnCalc3|2078|10573|2078|1825.5
00001019	633.45715332	[9528] QUIK|OnCalc3|2079|10573|2079|1825.5
00001020	685.56213379	[9528] QUIK|GetApp1|10576|11-10--12:45
00001021	685.56225586	[9528] QUIK|GetApp2|2079|-nan(ind)
00001022	685.56243896	[9528] QUIK|GetApp3|1825.5|0.0|0|3
00001023	685.56256104	[9528] QUIK|OnCalc1|10576|11-10--12:45
00001024	685.56268311	[9528] QUIK|OnCalc2|nil|-nan(ind)
00001025	685.56280518	[9528] QUIK|OnCalc3|2078|10573|2078|1825.5
00001026	685.56298828	[9528] QUIK|OnCalc3|2079|10573|2079|1825.5
00001027	689.43652344	[9528] QUIK|GetApp1|10576|11-10--12:45
00001028	689.43664551	[9528] QUIK|GetApp2|2079|-nan(ind)
00001029	689.43682861	[9528] QUIK|GetApp3|1825.5|0.0|0|3
00001030	689.43701172	[9528] QUIK|OnCalc1|10576|11-10--12:45
00001031	689.43719482	[9528] QUIK|OnCalc2|nil|-nan(ind)
00001032	689.43737793	[9528] QUIK|OnCalc3|2078|10573|2078|1825.5
00001033	689.43756104	[9528] QUIK|OnCalc3|2079|10573|2079|1825.5
00001034	692.02258301	[9528] QUIK|GetApp1|10576|11-10--12:45
00001035	692.02270508	[9528] QUIK|GetApp2|2079|-nan(ind)
00001036	692.02288818	[9528] QUIK|GetApp3|1825.5|0.0|0|3
00001037	692.02301025	[9528] QUIK|OnCalc1|10576|11-10--12:45
00001038	692.02331543	[9528] QUIK|OnCalc2|nil|-nan(ind)
00001039	692.02343750	[9528] QUIK|OnCalc3|2078|10573|2078|1825.5
00001040	692.02404785	[9528] QUIK|OnCalc3|2079|10573|2079|1825.5
00001041	693.44415283	[16096] RecursiveDirectoryCreate( C:\Users\felix\AppData\Local\Flock\neoprofile directory exists )
00001042	694.39874268	[9528] QUIK|GetApp1|10576|11-10--12:45
00001043	694.39904785	[9528] QUIK|GetApp2|2079|-nan(ind)
00001044	694.39923096	[9528] QUIK|GetApp3|1825.5|0.0|0|3
00001045	694.39941406	[9528] QUIK|OnCalc1|10576|11-10--12:45
00001046	694.39953613	[9528] QUIK|OnCalc2|nil|-nan(ind)
00001047	694.39965820	[9528] QUIK|OnCalc3|2078|10573|2078|1825.5
00001048	694.39978027	[9528] QUIK|OnCalc3|2079|10573|2079|1825.5
00001049	694.99493408	[14988] Code: 0x4aa500f7 (level=2)
00001050	694.99505615	[14988] Message: Token broker activated.
00001051	694.99517822	[14988] Details: UTC time: 11/10/2021 09:45:26 (UTC) 
00001052	694.99517822	[14988] Logged at TokenBackground.cpp, line: 38, method: AAD::Core::TokenBackground::Run.
00001053	695.00628662	[14988] Code: 0x4aa5001a (level=2)
00001054	695.00634766	[14988] Message: Token broker operation started.
00001055	695.00646973	[14988] Details: Operation name: GetTokenSilently 
00001056	695.00646973	[14988] Logged at WebAccountProcessor.cpp, line: 524, method: AAD::Core::WebAccountProcessor::CreateBrokerOperation.
00001057	695.71166992	[14988] Code: 0x4aa50119 (level=2)
00001058	695.71185303	[14988] Message: Token broker operation request parameters.
00001059	695.71276855	[14988] Details: Parameter(s): correlationId: cc1797e7-8cd2-4750-b7f5-e8bfa42421d5
00001060	695.71276855	[14988] webAccountCount: 0
00001061	695.71276855	[14988] client: 1b3c667f-cde3-4090-b60b-3d2abd0117f0
00001062	695.71276855	[14988] authority: organizations
00001063	695.71276855	[14988] resource: https://arc.msn.com/v4
00001064	695.71276855	[14988] redirectUri: ms-appx-web://Microsoft.AAD.BrokerPlugin/S-1-15-2-350187224-1905355452-1037786396-3028148496-2624191407-3283318427-1255436723
00001065	695.71276855	[14988] scope: (null)
00001066	695.71276855	[14988] LoginHint: (null)
00001067	695.71276855	[14988] discoverHome: false
00001068	695.71276855	[14988] domain_hint: (null)
00001069	695.71276855	[14988] fallback_domain: (null)
00001070	695.71276855	[14988] certificateUsage: (null)
00001071	695.71276855	[14988] certificateUIName: (null)
00001072	695.71276855	[14988] certificateUIDescription: (null)
00001073	695.71276855	[14988] ExtendedLifeTimeEnabled: false
00001074	695.71276855	[14988] UserPictureEnabled: false
00001075	695.71276855	[14988] prompt: 
00001076	695.71276855	[14988] msafed: (null)
00001077	695.71276855	[14988] validateAuthority: true
00001078	695.71276855	[14988] minimum_token_lifetime: 0
00001079	695.71276855	[14988] transferTokenRequest: false
00001080	695.71276855	[14988] 
00001081	695.71276855	[14988] Request Param(s):
00001082	695.71276855	[14988] 
00001083	695.71276855	[14988] Request Properties:
00001084	695.71276855	[14988] resource: https://arc.msn.com/v4
00001085	695.71276855	[14988]  
00001086	695.71276855	[14988] Logged at GetTokenBrokerOperationBase.cpp, line: 404, method: GetTokenBrokerOperationBase::LogRequestParameters.
00001087	696.02508545	[14988] Code: 0x4aa5011a (level=2)
00001088	696.02526855	[14988] Message: Loading client from cache using webaccount.
00001089	696.02539063	[14988] Details: Token request accountId: (null), Resolved accountId: (null), PerUser accountId: (null) 
00001090	696.02539063	[14988] Logged at ClientCache.cpp, line: 137, method: ClientCache::Load.
00001091	696.28515625	[14988] Code: 0x4aa50077 (level=2)
00001092	696.28540039	[14988] Message: No data for the primary user.
00001093	696.28552246	[14988] Details: Reason: -1073741790 (0xc0000022) 
00001094	696.28552246	[14988] Unknown error code: 0xc0000022   . 
00001095	696.28552246	[14988] Logged at DefaultUser.cpp, line: 139, method: DefaultUser::TryOpenLSAImpl.
00001096	696.69934082	[14988] Code: 0x4aa50082 (level=2)
00001097	696.69952393	[14988] Message: The local default user is loading.
00001098	696.69958496	[14988] Details: Logged at ClientCache.cpp, line: 426, method: ClientCache::LoadLocalAccount.
00001099	697.04913330	[9528] QUIK|GetApp1|10576|11-10--12:45
00001100	697.04925537	[9528] QUIK|GetApp2|2079|-nan(ind)
00001101	697.04937744	[9528] QUIK|GetApp3|1825.5|0.0|0|3
00001102	697.04956055	[9528] QUIK|OnCalc1|10576|11-10--12:45
00001103	697.04962158	[9528] QUIK|OnCalc2|nil|-nan(ind)
00001104	697.04980469	[9528] QUIK|OnCalc3|2078|10573|2078|1825.5
00001105	697.04992676	[9528] QUIK|OnCalc3|2079|10573|2079|1825.5
00001106	698.43701172	[14988] Code: 0x4aa50016 (level=2)
00001107	698.43713379	[14988] Message: A new client created for the default local user.
00001108	698.43719482	[14988] Details: Logged at ClientCache.cpp, line: 1085, method: ClientCache::CreateNewClient. 
00001109	698.43719482	[14988]  
00001110	698.43719482	[14988] Request: authority: https://login.microsoftonline.com/common, client: 1b3c667f-cde3-4090-b60b-3d2abd0117f0, redirect URI: ms-appx-web://Microsoft.AAD.BrokerPlugin/S-1-15-2-350187224-1905355452-1037786396-3028148496-2624191407-3283318427-1255436723
00001111	699.28234863	[8956] Suspending
00001112	700.14971924	[9528] QUIK|GetApp1|10576|11-10--12:45
00001113	700.14978027	[9528] QUIK|GetApp2|2079|-nan(ind)
00001114	700.14996338	[9528] QUIK|GetApp3|1825.5|0.0|0|3
00001115	700.15008545	[9528] QUIK|OnCalc1|10576|11-10--12:45
00001116	700.15014648	[9528] QUIK|OnCalc2|nil|-nan(ind)
00001117	700.15032959	[9528] QUIK|OnCalc3|2078|10573|2078|1825.5
00001118	700.15045166	[9528] QUIK|OnCalc3|2079|10573|2079|1825.5
00001119	703.17517090	[14988] Code: 0x4aa1003c (level=3)
00001120	703.17529297	[14988] Message: Verbose level message.
00001121	703.17547607	[14988] Details: DetermineRecoveryNeeded: isCDJ: false; isWPJ: false; Local SSO accounts: 0; isDesktopSKU: true; ErrorCode: 0xCAA10001 (unknown); IsPrimaryUser: false 
00001122	703.17547607	[14988] Logged at AccountRecovery.cpp, line: 110, method: AccountRecovery::DetermineRecoveryNeeded.
00001123	703.23986816	[14988] Code: 0xcaa10001 (level=2)
00001124	703.24011230	[14988] Message: Need user interaction to continue.
00001125	703.24035645	[14988] Details: Operation name: GetTokenSilently, Error: -895418367 (0xcaa10001), Description: Need user interaction to continue. 
00001126	703.24035645	[14988] Logged at WebAccountProcessor.cpp, line: 376, method: AAD::Core::WebAccountProcessor::ProcessOperationAsync::<lambda_86d928302cba6b3765a0346e94b8f38d>::operator ().
00001127	707.78143311	[9528] QUIK|GetApp1|10576|11-10--12:45
00001128	707.78155518	[9528] QUIK|GetApp2|2079|-nan(ind)
00001129	707.78173828	[9528] QUIK|GetApp3|1825.5|0.0|0|3
00001130	707.78186035	[9528] QUIK|OnCalc1|10576|11-10--12:45
00001131	707.78198242	[9528] QUIK|OnCalc2|nil|-nan(ind)
00001132	707.78210449	[9528] QUIK|OnCalc3|2078|10573|2078|1825.5
00001133	707.78222656	[9528] QUIK|OnCalc3|2079|10573|2079|1825.5
00001134	710.56207275	[9528] QUIK|GetApp1|10576|11-10--12:45
00001135	710.56219482	[9528] QUIK|GetApp2|2079|-nan(ind)
00001136	710.56237793	[9528] QUIK|GetApp3|1825.5|0.0|0|3
00001137	710.56243896	[9528] QUIK|OnCalc1|10576|11-10--12:45
00001138	710.56262207	[9528] QUIK|OnCalc2|nil|-nan(ind)
00001139	710.56268311	[9528] QUIK|OnCalc3|2078|10573|2078|1825.5
00001140	710.56298828	[9528] QUIK|OnCalc3|2079|10573|2079|1825.5
00001141	713.26013184	[9528] QUIK|GetApp1|10576|11-10--12:45
00001142	713.26043701	[9528] QUIK|GetApp2|2079|-nan(ind)
00001143	713.26062012	[9528] QUIK|GetApp3|1825.5|0.0|0|3
00001144	713.26074219	[9528] QUIK|OnCalc1|10576|11-10--12:45
00001145	713.26086426	[9528] QUIK|OnCalc2|nil|-nan(ind)
00001146	713.26098633	[9528] QUIK|OnCalc3|2078|10573|2078|1825.5
00001147	713.26110840	[9528] QUIK|OnCalc3|2079|10573|2079|1825.5
00001148	715.79821777	[9528] QUIK|GetApp1|10576|11-10--12:45
00001149	715.79833984	[9528] QUIK|GetApp2|2079|-nan(ind)
00001150	715.79846191	[9528] QUIK|GetApp3|1825.5|0.0|0|3
00001151	715.79864502	[9528] QUIK|OnCalc1|10576|11-10--12:45
00001152	715.79870605	[9528] QUIK|OnCalc2|nil|-nan(ind)
00001153	715.79888916	[9528] QUIK|OnCalc3|2078|10573|2078|1825.5
00001154	715.79901123	[9528] QUIK|OnCalc3|2079|10573|2079|1825.5
00001155	718.51220703	[9528] QUIK|GetApp1|10576|11-10--12:45
00001156	718.51263428	[9528] QUIK|GetApp2|2079|-nan(ind)
00001157	718.51281738	[9528] QUIK|GetApp3|1825.5|0.0|0|3
00001158	718.51300049	[9528] QUIK|OnCalc1|10576|11-10--12:45
00001159	718.51312256	[9528] QUIK|OnCalc2|nil|-nan(ind)
00001160	718.51330566	[9528] QUIK|OnCalc3|2078|10573|2078|1825.5
00001161	718.51348877	[9528] QUIK|OnCalc3|2079|10573|2079|1825.5
00001162	721.14910889	[9528] QUIK|GetApp1|10576|11-10--12:45
00001163	721.14923096	[9528] QUIK|GetApp2|2079|-nan(ind)
00001164	721.14941406	[9528] QUIK|GetApp3|1825.5|0.0|0|3
00001165	721.14959717	[9528] QUIK|OnCalc1|10576|11-10--12:45
00001166	721.14971924	[9528] QUIK|OnCalc2|nil|-nan(ind)
00001167	721.14984131	[9528] QUIK|OnCalc3|2078|10573|2078|1825.5
00001168	721.15002441	[9528] QUIK|OnCalc3|2079|10573|2079|1825.5
00001169	730.65820313	[9528] QUIK|GetApp1|10576|11-10--12:45
00001170	730.65838623	[9528] QUIK|GetApp2|2079|-nan(ind)
00001171	730.65863037	[9528] QUIK|GetApp3|1825.5|0.0|0|3
00001172	730.65869141	[9528] QUIK|OnCalc1|10576|11-10--12:45
00001173	730.65887451	[9528] QUIK|OnCalc2|nil|-nan(ind)
00001174	730.65899658	[9528] QUIK|OnCalc3|2078|10573|2078|1825.5
00001175	730.65930176	[9528] QUIK|OnCalc3|2079|10573|2079|1825.5
00001176	739.21960449	[9528] QUIK|GetApp1|10576|11-10--12:45
00001177	739.21978760	[9528] QUIK|GetApp2|2079|-nan(ind)
00001178	739.21997070	[9528] QUIK|GetApp3|1825.5|0.0|0|3
00001179	739.22009277	[9528] QUIK|OnCalc1|10576|11-10--12:45
00001180	739.22021484	[9528] QUIK|OnCalc2|nil|-nan(ind)
00001181	739.22039795	[9528] QUIK|OnCalc3|2078|10573|2078|1825.5
00001182	739.22045898	[9528] QUIK|OnCalc3|2079|10573|2079|1825.5
00001183	741.98492432	[9528] QUIK|GetApp1|10576|11-10--12:45
00001184	741.98504639	[9528] QUIK|GetApp2|2079|-nan(ind)
00001185	741.98522949	[9528] QUIK|GetApp3|1825.5|0.0|0|3
00001186	741.98535156	[9528] QUIK|OnCalc1|10576|11-10--12:45
00001187	741.98547363	[9528] QUIK|OnCalc2|nil|-nan(ind)
00001188	741.98565674	[9528] QUIK|OnCalc3|2078|10573|2078|1825.5
00001189	741.98571777	[9528] QUIK|OnCalc3|2079|10573|2079|1825.5
00001190	745.61535645	[9528] QUIK|GetApp1|10576|11-10--12:45
00001191	745.61639404	[9528] QUIK|GetApp2|2079|-nan(ind)
00001192	745.61663818	[9528] QUIK|GetApp3|1825.5|0.0|0|3
00001193	745.61682129	[9528] QUIK|OnCalc1|10576|11-10--12:45
00001194	745.61700439	[9528] QUIK|OnCalc2|nil|-nan(ind)
00001195	745.61718750	[9528] QUIK|OnCalc3|2078|10573|2078|1825.5
00001196	745.62371826	[9528] QUIK|OnCalc3|2079|10573|2079|1825.5
00001197	749.11730957	[9528] QUIK|GetApp1|10576|11-10--12:45
00001198	749.11749268	[9528] QUIK|GetApp2|2079|-nan(ind)
00001199	749.11761475	[9528] QUIK|GetApp3|1825.5|0.0|0|3
00001200	749.11779785	[9528] QUIK|OnCalc1|10576|11-10--12:45
00001201	749.11791992	[9528] QUIK|OnCalc2|nil|-nan(ind)
00001202	749.11804199	[9528] QUIK|OnCalc3|2078|10573|2078|1825.5
00001203	749.11822510	[9528] QUIK|OnCalc3|2079|10573|2079|1825.5
00001204	752.98803711	[9528] QUIK|GetApp1|10576|11-10--12:45
00001205	752.98834229	[9528] QUIK|GetApp2|2079|-nan(ind)
00001206	752.98925781	[9528] QUIK|GetApp3|1825.5|0.0|0|3
00001207	752.98986816	[9528] QUIK|OnCalc1|10576|11-10--12:45
00001208	752.99011230	[9528] QUIK|OnCalc2|nil|-nan(ind)
00001209	752.99047852	[9528] QUIK|OnCalc3|2078|10573|2078|1825.5
00001210	752.99060059	[9528] QUIK|OnCalc3|2079|10573|2079|1825.5
00001211	757.25244141	[9528] QUIK|GetApp1|10576|11-10--12:45
00001212	757.25256348	[9528] QUIK|GetApp2|2079|-nan(ind)
00001213	757.25274658	[9528] QUIK|GetApp3|1825.5|0.0|0|3
00001214	757.25286865	[9528] QUIK|OnCalc1|10576|11-10--12:45
00001215	757.25299072	[9528] QUIK|OnCalc2|nil|-nan(ind)
00001216	757.25311279	[9528] QUIK|OnCalc3|2078|10573|2078|1825.5
00001217	757.25347900	[9528] QUIK|OnCalc3|2079|10573|2079|1825.5
00001218	761.20880127	[9528] QUIK|GetApp1|10576|11-10--12:45
00001219	761.20898438	[9528] QUIK|GetApp2|2079|-nan(ind)
00001220	761.20910645	[9528] QUIK|GetApp3|1825.5|0.0|0|3
00001221	761.20916748	[9528] QUIK|OnCalc1|10576|11-10--12:45
00001222	761.20935059	[9528] QUIK|OnCalc2|nil|-nan(ind)
00001223	761.20947266	[9528] QUIK|OnCalc3|2078|10573|2078|1825.5
00001224	761.20965576	[9528] QUIK|OnCalc3|2079|10573|2079|1825.5
00001225	763.87982178	[9528] QUIK|GetApp1|10576|11-10--12:45
00001226	763.88000488	[9528] QUIK|GetApp2|2079|-nan(ind)
00001227	763.88012695	[9528] QUIK|GetApp3|1825.5|0.0|0|3
00001228	763.88024902	[9528] QUIK|OnCalc1|10576|11-10--12:45
00001229	763.88037109	[9528] QUIK|OnCalc2|nil|-nan(ind)
00001230	763.88049316	[9528] QUIK|OnCalc3|2078|10573|2078|1825.5
00001231	763.88067627	[9528] QUIK|OnCalc3|2079|10573|2079|1825.5
00001232	766.59332275	[9528] QUIK|GetApp1|10576|11-10--12:45
00001233	766.59350586	[9528] QUIK|GetApp2|2079|-nan(ind)
00001234	766.59362793	[9528] QUIK|GetApp3|1825.5|0.0|0|3
00001235	766.59381104	[9528] QUIK|OnCalc1|10576|11-10--12:45
00001236	766.59387207	[9528] QUIK|OnCalc2|nil|-nan(ind)
00001237	766.59405518	[9528] QUIK|OnCalc3|2078|10573|2078|1825.5
00001238	766.59417725	[9528] QUIK|OnCalc3|2079|10573|2079|1825.5
00001239	772.87811279	[15960] 
00001240	772.87811279	[15960]  Attach Addin
00001241	773.15429688	[9528] QUIK|GetApp1|10576|11-10--12:45
00001242	773.15441895	[9528] QUIK|GetApp2|2079|-nan(ind)
00001243	773.15460205	[9528] QUIK|GetApp3|1825.5|0.0|0|3
00001244	773.15472412	[9528] QUIK|OnCalc1|10576|11-10--12:45
00001245	773.15484619	[9528] QUIK|OnCalc2|nil|-nan(ind)
00001246	773.15502930	[9528] QUIK|OnCalc3|2078|10573|2078|1825.5
00001247	773.15515137	[9528] QUIK|OnCalc3|2079|10573|2079|1825.5
00001248	776.99340820	[9528] QUIK|GetApp1|10576|11-10--12:45
00001249	776.99353027	[9528] QUIK|GetApp2|2079|-nan(ind)
00001250	776.99371338	[9528] QUIK|GetApp3|1825.5|0.0|0|3
00001251	776.99389648	[9528] QUIK|OnCalc1|10576|11-10--12:45
00001252	776.99401855	[9528] QUIK|OnCalc2|nil|-nan(ind)
00001253	776.99414063	[9528] QUIK|OnCalc3|2078|10573|2078|1825.5
00001254	776.99432373	[9528] QUIK|OnCalc3|2079|10573|2079|1825.5
00001255	780.13647461	[9528] QUIK|GetApp1|10576|11-10--12:45
00001256	780.13659668	[9528] QUIK|GetApp2|2079|-nan(ind)
00001257	780.13677979	[9528] QUIK|GetApp3|1825.5|0.0|0|3
00001258	780.13690186	[9528] QUIK|OnCalc1|10576|11-10--12:45
00001259	780.13702393	[9528] QUIK|OnCalc2|nil|-nan(ind)
00001260	780.13714600	[9528] QUIK|OnCalc3|2078|10573|2078|1825.5
00001261	780.13726807	[9528] QUIK|OnCalc3|2079|10573|2079|1825.5
00001262	783.69665527	[9528] QUIK|GetApp1|10576|11-10--12:45
00001263	783.69677734	[9528] QUIK|GetApp2|2079|-nan(ind)
00001264	783.69696045	[9528] QUIK|GetApp3|1825.5|0.0|0|3
00001265	783.69708252	[9528] QUIK|OnCalc1|10576|11-10--12:45
00001266	783.69720459	[9528] QUIK|OnCalc2|nil|-nan(ind)
00001267	783.69732666	[9528] QUIK|OnCalc3|2078|10573|2078|1825.5
00001268	783.69744873	[9528] QUIK|OnCalc3|2079|10573|2079|1825.5
00001269	786.50097656	[9528] QUIK|GetApp1|10576|11-10--12:45
00001270	786.50292969	[9528] QUIK|GetApp2|2079|-nan(ind)
00001271	786.50390625	[9528] QUIK|GetApp3|1825.5|0.0|0|3
00001272	786.50451660	[9528] QUIK|OnCalc1|10576|11-10--12:45
00001273	786.50482178	[9528] QUIK|OnCalc2|nil|-nan(ind)
00001274	786.50500488	[9528] QUIK|OnCalc3|2078|10573|2078|1825.5
00001275	786.50640869	[9528] QUIK|OnCalc3|2079|10573|2079|1825.5
00001276	789.55426025	[9528] QUIK|GetApp1|10576|11-10--12:45
00001277	789.55444336	[9528] QUIK|GetApp2|2079|-nan(ind)
00001278	789.55456543	[9528] QUIK|GetApp3|1825.5|0.0|0|3
00001279	789.55474854	[9528] QUIK|OnCalc1|10576|11-10--12:45
00001280	789.55487061	[9528] QUIK|OnCalc2|nil|-nan(ind)
00001281	789.55499268	[9528] QUIK|OnCalc3|2078|10573|2078|1825.5
00001282	789.55517578	[9528] QUIK|OnCalc3|2079|10573|2079|1825.5
00001283	792.38470459	[9528] QUIK|GetApp1|10576|11-10--12:45
00001284	792.38488770	[9528] QUIK|GetApp2|2079|-nan(ind)
00001285	792.38500977	[9528] QUIK|GetApp3|1825.5|0.0|0|3
00001286	792.38519287	[9528] QUIK|OnCalc1|10576|11-10--12:45
00001287	792.38525391	[9528] QUIK|OnCalc2|nil|-nan(ind)
00001288	792.38543701	[9528] QUIK|OnCalc3|2078|10573|2078|1825.5
00001289	792.38555908	[9528] QUIK|OnCalc3|2079|10573|2079|1825.5
00001290	794.98431396	[9528] QUIK|GetApp1|10576|11-10--12:45
00001291	794.98443604	[9528] QUIK|GetApp2|2079|-nan(ind)
00001292	794.98461914	[9528] QUIK|GetApp3|1825.5|0.0|0|3
00001293	794.98474121	[9528] QUIK|OnCalc1|10576|11-10--12:45
00001294	794.98486328	[9528] QUIK|OnCalc2|nil|-nan(ind)
00001295	794.98498535	[9528] QUIK|OnCalc3|2078|10573|2078|1825.5
00001296	794.98516846	[9528] QUIK|OnCalc3|2079|10573|2079|1825.5
00001297	795.02087402	[9528] QUIK|GetApp1|10576|11-10--12:45
00001298	795.02093506	[9528] QUIK|GetApp2|2079|-nan(ind)
00001299	795.02111816	[9528] QUIK|GetApp3|1825.5|0.0|0|3
00001300	795.02117920	[9528] QUIK|OnCalc1|10576|11-10--12:45
00001301	795.02130127	[9528] QUIK|OnCalc2|nil|-nan(ind)
00001302	795.02148438	[9528] QUIK|OnCalc3|2078|10573|2078|1825.5
00001303	795.02160645	[9528] QUIK|OnCalc3|2079|10573|2079|1825.5
00001304	797.57098389	[9528] QUIK|GetApp1|10576|11-10--12:45
00001305	797.57110596	[9528] QUIK|GetApp2|2079|-nan(ind)
00001306	797.57128906	[9528] QUIK|GetApp3|1825.5|0.0|0|3
00001307	797.57135010	[9528] QUIK|OnCalc1|10576|11-10--12:45
00001308	797.57147217	[9528] QUIK|OnCalc2|nil|-nan(ind)
00001309	797.57165527	[9528] QUIK|OnCalc3|2078|10573|2078|1825.5
00001310	797.57177734	[9528] QUIK|OnCalc3|2079|10573|2079|1825.5
00001311	800.40325928	[9528] QUIK|GetApp1|10576|11-10--12:45
00001312	800.40338135	[9528] QUIK|GetApp2|2079|-nan(ind)
00001313	800.40356445	[9528] QUIK|GetApp3|1825.5|0.0|0|3
00001314	800.40368652	[9528] QUIK|OnCalc1|10576|11-10--12:45
00001315	800.40399170	[9528] QUIK|OnCalc2|nil|-nan(ind)
00001316	800.40411377	[9528] QUIK|OnCalc3|2078|10573|2078|1825.5
00001317	800.40423584	[9528] QUIK|OnCalc3|2079|10573|2079|1825.5
00001318	802.97845459	[9528] QUIK|GetApp1|10576|11-10--12:45
00001319	802.97863770	[9528] QUIK|GetApp2|2079|-nan(ind)
00001320	802.97875977	[9528] QUIK|GetApp3|1825.5|0.0|0|3
00001321	802.97888184	[9528] QUIK|OnCalc1|10576|11-10--12:45
00001322	802.97900391	[9528] QUIK|OnCalc2|nil|-nan(ind)
00001323	802.97912598	[9528] QUIK|OnCalc3|2078|10573|2078|1825.5
00001324	802.97924805	[9528] QUIK|OnCalc3|2079|10573|2079|1825.5
00001325	802.98034668	[9528] QUIK|GetApp1|10576|11-10--12:45
00001326	802.98046875	[9528] QUIK|GetApp2|2079|-nan(ind)
00001327	802.98059082	[9528] QUIK|GetApp3|1825.5|0.0|0|3
00001328	802.98071289	[9528] QUIK|OnCalc1|10576|11-10--12:45
00001329	802.98083496	[9528] QUIK|OnCalc2|nil|-nan(ind)
00001330	802.98095703	[9528] QUIK|OnCalc3|2078|10573|2078|1825.5
00001331	802.98114014	[9528] QUIK|OnCalc3|2079|10573|2079|1825.5
00001332	805.90997314	[9528] QUIK|GetApp1|10576|11-10--12:45
00001333	805.91009521	[9528] QUIK|GetApp2|2079|-nan(ind)
00001334	805.91027832	[9528] QUIK|GetApp3|1825.5|0.0|0|3
00001335	805.91040039	[9528] QUIK|OnCalc1|10576|11-10--12:45
00001336	805.91052246	[9528] QUIK|OnCalc2|nil|-nan(ind)
00001337	805.91064453	[9528] QUIK|OnCalc3|2078|10573|2078|1825.5
00001338	805.91076660	[9528] QUIK|OnCalc3|2079|10573|2079|1825.5
00001339	809.63922119	[9528] QUIK|GetApp1|10576|11-10--12:45
00001340	809.63934326	[9528] QUIK|GetApp2|2079|-nan(ind)
00001341	809.63958740	[9528] QUIK|GetApp3|1825.5|0.0|0|3
00001342	809.63970947	[9528] QUIK|OnCalc1|10576|11-10--12:45
00001343	809.64007568	[9528] QUIK|OnCalc2|nil|-nan(ind)
00001344	809.64025879	[9528] QUIK|OnCalc3|2078|10573|2078|1825.5
00001345	809.64062500	[9528] QUIK|OnCalc3|2079|10573|2079|1825.5
00001346	818.33184814	[9528] QUIK|GetApp1|10576|11-10--12:45
00001347	818.33203125	[9528] QUIK|GetApp2|2079|-nan(ind)
00001348	818.33215332	[9528] QUIK|GetApp3|1825.5|0.0|0|3
00001349	818.33233643	[9528] QUIK|OnCalc1|10576|11-10--12:45
00001350	818.33239746	[9528] QUIK|OnCalc2|nil|-nan(ind)
00001351	818.33258057	[9528] QUIK|OnCalc3|2078|10573|2078|1825.5
00001352	818.33276367	[9528] QUIK|OnCalc3|2079|10573|2079|1825.5
00001353	821.60253906	[9528] QUIK|GetApp1|10576|11-10--12:45
00001354	821.60266113	[9528] QUIK|GetApp2|2079|-nan(ind)
00001355	821.60284424	[9528] QUIK|GetApp3|1825.5|0.0|0|3
00001356	821.60296631	[9528] QUIK|OnCalc1|10576|11-10--12:45
00001357	821.60308838	[9528] QUIK|OnCalc2|nil|-nan(ind)
00001358	821.60345459	[9528] QUIK|OnCalc3|2078|10573|2078|1825.5
00001359	821.60363770	[9528] QUIK|OnCalc3|2079|10573|2079|1825.5
00001360	821.62042236	[9528] QUIK|GetApp1|10576|11-10--12:45
00001361	821.62060547	[9528] QUIK|GetApp2|2079|-nan(ind)
00001362	821.62078857	[9528] QUIK|GetApp3|1825.5|0.0|0|3
00001363	821.62091064	[9528] QUIK|OnCalc1|10576|11-10--12:45
00001364	821.62097168	[9528] QUIK|OnCalc2|nil|-nan(ind)
00001365	821.62115479	[9528] QUIK|OnCalc3|2078|10573|2078|1825.5
00001366	821.62152100	[9528] QUIK|OnCalc3|2079|10573|2079|1825.5
00001367	824.95892334	[9528] QUIK|GetApp1|10576|11-10--12:45
00001368	824.95910645	[9528] QUIK|GetApp2|2079|-nan(ind)
00001369	824.95922852	[9528] QUIK|GetApp3|1825.5|0.0|0|3
00001370	824.95941162	[9528] QUIK|OnCalc1|10576|11-10--12:45
00001371	824.95947266	[9528] QUIK|OnCalc2|nil|-nan(ind)
00001372	824.95965576	[9528] QUIK|OnCalc3|2078|10573|2078|1825.5
00001373	824.95977783	[9528] QUIK|OnCalc3|2079|10573|2079|1825.5
00001374	828.98699951	[9528] QUIK|GetApp1|10576|11-10--12:45
00001375	828.98742676	[9528] QUIK|GetApp2|2079|-nan(ind)
00001376	828.98767090	[9528] QUIK|GetApp3|1825.5|0.0|0|3
00001377	828.98779297	[9528] QUIK|OnCalc1|10576|11-10--12:45
00001378	828.98797607	[9528] QUIK|OnCalc2|nil|-nan(ind)
00001379	828.98815918	[9528] QUIK|OnCalc3|2078|10573|2078|1825.5
00001380	828.98840332	[9528] QUIK|OnCalc3|2079|10573|2079|1825.5
00001381	833.79156494	[9528] QUIK|GetApp1|10576|11-10--12:45
00001382	833.79168701	[9528] QUIK|GetApp2|2079|-nan(ind)
00001383	833.79187012	[9528] QUIK|GetApp3|1825.5|0.0|0|3
00001384	833.79199219	[9528] QUIK|OnCalc1|10576|11-10--12:45
00001385	833.79211426	[9528] QUIK|OnCalc2|nil|-nan(ind)
00001386	833.79223633	[9528] QUIK|OnCalc3|2078|10573|2078|1825.5
00001387	833.79241943	[9528] QUIK|OnCalc3|2079|10573|2079|1825.5
00001388	833.80816650	[9528] QUIK|GetApp1|10576|11-10--12:45
00001389	833.80847168	[9528] QUIK|GetApp2|2079|-nan(ind)
00001390	833.80853271	[9528] QUIK|GetApp3|1825.5|0.0|0|3
00001391	833.80871582	[9528] QUIK|OnCalc1|10576|11-10--12:45
00001392	833.80883789	[9528] QUIK|OnCalc2|nil|-nan(ind)
00001393	833.80902100	[9528] QUIK|OnCalc3|2078|10573|2078|1825.5
00001394	833.81054688	[9528] QUIK|OnCalc3|2079|10573|2079|1825.5
00001395	838.61816406	[9528] QUIK|GetApp1|10576|11-10--12:45
00001396	838.61834717	[9528] QUIK|GetApp2|2079|-nan(ind)
00001397	838.61853027	[9528] QUIK|GetApp3|1825.5|0.0|0|3
00001398	838.61865234	[9528] QUIK|OnCalc1|10576|11-10--12:45
00001399	838.61877441	[9528] QUIK|OnCalc2|nil|-nan(ind)
00001400	838.61895752	[9528] QUIK|OnCalc3|2078|10573|2078|1825.5
00001401	838.61907959	[9528] QUIK|OnCalc3|2079|10573|2079|1825.5
00001402	841.28912354	[9528] QUIK|GetApp1|10576|11-10--12:45
00001403	841.28936768	[9528] QUIK|GetApp2|2079|-nan(ind)
00001404	841.28961182	[9528] QUIK|GetApp3|1825.5|0.0|0|3
00001405	841.28985596	[9528] QUIK|OnCalc1|10576|11-10--12:45
00001406	841.29010010	[9528] QUIK|OnCalc2|nil|-nan(ind)
00001407	841.29034424	[9528] QUIK|OnCalc3|2078|10573|2078|1825.5
00001408	841.29058838	[9528] QUIK|OnCalc3|2079|10573|2079|1825.5
00001409	844.05560303	[9528] QUIK|GetApp1|10576|11-10--12:45
00001410	844.05578613	[9528] QUIK|GetApp2|2079|-nan(ind)
00001411	844.05590820	[9528] QUIK|GetApp3|1825.5|0.0|0|3
00001412	844.05609131	[9528] QUIK|OnCalc1|10576|11-10--12:45
00001413	844.05615234	[9528] QUIK|OnCalc2|nil|-nan(ind)
00001414	844.05633545	[9528] QUIK|OnCalc3|2078|10573|2078|1825.5
00001415	844.05645752	[9528] QUIK|OnCalc3|2079|10573|2079|1825.5
00001416	854.02917480	[9528] QUIK|GetApp1|10576|11-10--12:45
00001417	854.02947998	[9528] QUIK|GetApp2|2079|-nan(ind)
00001418	854.02972412	[9528] QUIK|GetApp3|1825.5|0.0|0|3
00001419	854.02996826	[9528] QUIK|OnCalc1|10576|11-10--12:45
00001420	854.03021240	[9528] QUIK|OnCalc2|nil|-nan(ind)
00001421	854.03045654	[9528] QUIK|OnCalc3|2078|10573|2078|1825.5
00001422	854.03070068	[9528] QUIK|OnCalc3|2079|10573|2079|1825.5
00001423	856.39819336	[9528] QUIK|GetApp1|10576|11-10--12:45
00001424	856.39831543	[9528] QUIK|GetApp2|2079|-nan(ind)
00001425	856.39849854	[9528] QUIK|GetApp3|1825.5|0.0|0|3
00001426	856.39862061	[9528] QUIK|OnCalc1|10576|11-10--12:45
00001427	856.39874268	[9528] QUIK|OnCalc2|nil|-nan(ind)
00001428	856.39892578	[9528] QUIK|OnCalc3|2078|10573|2078|1825.5
00001429	856.39898682	[9528] QUIK|OnCalc3|2079|10573|2079|1825.5
00001430	859.13342285	[9528] QUIK|GetApp1|10576|11-10--12:45
00001431	859.13372803	[9528] QUIK|GetApp2|2079|-nan(ind)
00001432	859.13372803	[9528] QUIK|GetApp3|1825.5|0.0|0|3
00001433	859.13385010	[9528] QUIK|OnCalc1|10576|11-10--12:45
00001434	859.13397217	[9528] QUIK|OnCalc2|nil|-nan(ind)
00001435	859.13415527	[9528] QUIK|OnCalc3|2078|10573|2078|1825.5
00001436	859.13427734	[9528] QUIK|OnCalc3|2079|10573|2079|1825.5
00001437	861.91247559	[9528] QUIK|GetApp1|10576|11-10--12:45
00001438	861.91259766	[9528] QUIK|GetApp2|2079|-nan(ind)
00001439	861.91265869	[9528] QUIK|GetApp3|1825.5|0.0|0|3
00001440	861.91290283	[9528] QUIK|OnCalc1|10576|11-10--12:45
00001441	861.91296387	[9528] QUIK|OnCalc2|nil|-nan(ind)
00001442	861.91308594	[9528] QUIK|OnCalc3|2078|10573|2078|1825.5
00001443	861.91326904	[9528] QUIK|OnCalc3|2079|10573|2079|1825.5
00001444	867.70532227	[9528] QUIK|GetApp1|10576|11-10--12:45
00001445	867.70544434	[9528] QUIK|GetApp2|2079|-nan(ind)
00001446	867.70562744	[9528] QUIK|GetApp3|1825.5|0.0|0|3
00001447	867.70574951	[9528] QUIK|OnCalc1|10576|11-10--12:45
00001448	867.70587158	[9528] QUIK|OnCalc2|nil|-nan(ind)
00001449	867.70605469	[9528] QUIK|OnCalc3|2078|10573|2078|1825.5
00001450	867.70617676	[9528] QUIK|OnCalc3|2079|10573|2079|1825.5
00001451	876.32330322	[9528] QUIK|GetApp1|10576|11-10--12:45
00001452	876.32360840	[9528] QUIK|GetApp2|2079|-nan(ind)
00001453	876.32385254	[9528] QUIK|GetApp3|1825.5|0.0|0|3
00001454	876.32415771	[9528] QUIK|OnCalc1|10576|11-10--12:45
00001455	876.32434082	[9528] QUIK|OnCalc2|nil|-nan(ind)
00001456	876.32458496	[9528] QUIK|OnCalc3|2078|10573|2078|1825.5
00001457	876.32489014	[9528] QUIK|OnCalc3|2079|10573|2079|1825.5
00001458	881.32995605	[9528] QUIK|GetApp1|10576|11-10--12:45
00001459	881.33020020	[9528] QUIK|GetApp2|2079|-nan(ind)
00001460	881.33026123	[9528] QUIK|GetApp3|1825.5|0.0|0|3
00001461	881.33050537	[9528] QUIK|OnCalc1|10576|11-10--12:45
00001462	881.33056641	[9528] QUIK|OnCalc2|nil|-nan(ind)
00001463	881.33068848	[9528] QUIK|OnCalc3|2078|10573|2078|1825.5
00001464	881.33087158	[9528] QUIK|OnCalc3|2079|10573|2079|1825.5
00001465	884.63000488	[9528] QUIK|GetApp1|10576|11-10--12:45
00001466	884.63031006	[9528] QUIK|GetApp2|2079|-nan(ind)
00001467	884.63092041	[9528] QUIK|GetApp3|1825.5|0.0|0|3
00001468	884.63104248	[9528] QUIK|OnCalc1|10576|11-10--12:45
00001469	884.63122559	[9528] QUIK|OnCalc2|nil|-nan(ind)
00001470	884.63153076	[9528] QUIK|OnCalc3|2078|10573|2078|1825.5
00001471	884.63177490	[9528] QUIK|OnCalc3|2079|10573|2079|1825.5
00001472	915.50219727	[9528] QUIK|GetApp1|10576|11-10--12:45
00001473	915.50238037	[9528] QUIK|GetApp2|2079|-nan(ind)
00001474	915.50256348	[9528] QUIK|GetApp3|1825.5|0.0|0|3
00001475	915.50268555	[9528] QUIK|OnCalc1|10576|11-10--12:45
00001476	915.50280762	[9528] QUIK|OnCalc2|nil|-nan(ind)
00001477	915.50299072	[9528] QUIK|OnCalc3|2078|10573|2078|1825.5
00001478	915.50311279	[9528] QUIK|OnCalc3|2079|10573|2079|1825.5
00001479	930.93212891	[9528] QUIK|GetApp1|10576|11-10--12:45
00001480	930.93231201	[9528] QUIK|GetApp2|2079|-nan(ind)
00001481	930.93255615	[9528] QUIK|GetApp3|1825.5|0.0|0|3
00001482	930.93261719	[9528] QUIK|OnCalc1|10576|11-10--12:45
00001483	930.93273926	[9528] QUIK|OnCalc2|nil|-nan(ind)
00001484	930.93286133	[9528] QUIK|OnCalc3|2078|10573|2078|1825.5
00001485	930.93304443	[9528] QUIK|OnCalc3|2079|10573|2079|1825.5
00001486	934.56958008	[9528] QUIK|GetApp1|10576|11-10--12:45
00001487	934.56970215	[9528] QUIK|GetApp2|2079|-nan(ind)
00001488	934.56988525	[9528] QUIK|GetApp3|1825.5|0.0|0|3
00001489	934.57000732	[9528] QUIK|OnCalc1|10576|11-10--12:45
00001490	934.57049561	[9528] QUIK|OnCalc2|nil|-nan(ind)
00001491	934.57061768	[9528] QUIK|OnCalc3|2078|10573|2078|1825.5
00001492	934.57080078	[9528] QUIK|OnCalc3|2079|10573|2079|1825.5
00001493	940.50122070	[9528] QUIK|GetApp1|10576|11-10--12:45
00001494	940.50128174	[9528] QUIK|GetApp2|2079|-nan(ind)
00001495	940.50152588	[9528] QUIK|GetApp3|1825.5|0.0|0|3
00001496	940.50158691	[9528] QUIK|OnCalc1|10576|11-10--12:45
00001497	940.50170898	[9528] QUIK|OnCalc2|nil|-nan(ind)
00001498	940.50189209	[9528] QUIK|OnCalc3|2078|10573|2078|1825.5
00001499	940.50201416	[9528] QUIK|OnCalc3|2079|10573|2079|1825.5
00001500	949.18212891	[9528] QUIK|GetApp1|10576|11-10--12:45
00001501	949.18225098	[9528] QUIK|GetApp2|2079|-nan(ind)
00001502	949.18243408	[9528] QUIK|GetApp3|1825.5|0.0|0|3
00001503	949.18255615	[9528] QUIK|OnCalc1|10576|11-10--12:45
00001504	949.18267822	[9528] QUIK|OnCalc2|nil|-nan(ind)
00001505	949.18286133	[9528] QUIK|OnCalc3|2078|10573|2078|1825.5
00001506	949.18298340	[9528] QUIK|OnCalc3|2079|10573|2079|1825.5
00001507	955.29992676	[9528] QUIK|GetApp1|10576|11-10--12:45
00001508	955.30004883	[9528] QUIK|GetApp2|2079|-nan(ind)
00001509	955.30023193	[9528] QUIK|GetApp3|1825.5|0.0|0|3
00001510	955.30035400	[9528] QUIK|OnCalc1|10576|11-10--12:45
00001511	955.30053711	[9528] QUIK|OnCalc2|nil|-nan(ind)
00001512	955.30065918	[9528] QUIK|OnCalc3|2078|10573|2078|1825.5
00001513	955.30078125	[9528] QUIK|OnCalc3|2079|10573|2079|1825.5
00001514	972.19378662	[9528] QUIK|GetApp1|10577|11-10--12:50
00001515	972.19409180	[9528] QUIK|GetApp2|2079|-nan(ind)
00001516	972.19464111	[9528] QUIK|GetApp3|1825.5|0.0|0|4
00001517	972.19470215	[9528] QUIK|OnCalc1|10577|11-10--12:50
00001518	972.19494629	[9528] QUIK|OnCalc2|nil|-nan(ind)
00001519	972.19512939	[9528] QUIK|OnCalc3|2078|10573|2078|1825.5
00001520	972.19525146	[9528] QUIK|OnCalc3|2079|10573|2079|1825.5
00001521	981.30902100	[9528] QUIK|GetApp1|10577|11-10--12:50
00001522	981.30957031	[9528] QUIK|GetApp2|2079|-nan(ind)
00001523	981.30963135	[9528] QUIK|GetApp3|1825.5|0.0|0|4
00001524	981.30975342	[9528] QUIK|OnCalc1|10577|11-10--12:50
00001525	981.30993652	[9528] QUIK|OnCalc2|nil|-nan(ind)
00001526	981.31005859	[9528] QUIK|OnCalc3|2078|10573|2078|1825.5
00001527	981.31024170	[9528] QUIK|OnCalc3|2079|10573|2079|1825.5
00001528	985.70587158	[9528] QUIK|GetApp1|10577|11-10--12:50
00001529	985.70599365	[9528] QUIK|GetApp2|2079|-nan(ind)
00001530	985.70617676	[9528] QUIK|GetApp3|1825.5|0.0|0|4
00001531	985.70629883	[9528] QUIK|OnCalc1|10577|11-10--12:50
00001532	985.70642090	[9528] QUIK|OnCalc2|nil|-nan(ind)
00001533	985.70648193	[9528] QUIK|OnCalc3|2078|10573|2078|1825.5
00001534	985.70672607	[9528] QUIK|OnCalc3|2079|10573|2079|1825.5
00001535	1006.38946533	[21576] Code: 0x4aa500f7 (level=2)
00001536	1006.38952637	[21576] Message: Token broker activated.
00001537	1006.38964844	[21576] Details: UTC time: 11/10/2021 09:50:37 (UTC) 
00001538	1006.38964844	[21576] Logged at TokenBackground.cpp, line: 38, method: AAD::Core::TokenBackground::Run.
00001539	1006.40747070	[21576] Code: 0x4aa5001a (level=2)
00001540	1006.40765381	[21576] Message: Token broker operation started.
00001541	1006.40765381	[21576] Details: Operation name: GetTokenSilently 
00001542	1006.40765381	[21576] Logged at WebAccountProcessor.cpp, line: 524, method: AAD::Core::WebAccountProcessor::CreateBrokerOperation.
00001543	1006.50158691	[21576] Code: 0x4aa50119 (level=2)
00001544	1006.50177002	[21576] Message: Token broker operation request parameters.
00001545	1006.50201416	[21576] Details: Parameter(s): correlationId: 9176a786-26dc-40b1-b839-a008d9bc0fc9
00001546	1006.50201416	[21576] webAccountCount: 0
00001547	1006.50201416	[21576] client: 1b3c667f-cde3-4090-b60b-3d2abd0117f0
00001548	1006.50201416	[21576] authority: organizations
00001549	1006.50201416	[21576] resource: https://arc.msn.com/v4
00001550	1006.50201416	[21576] redirectUri: ms-appx-web://Microsoft.AAD.BrokerPlugin/S-1-15-2-350187224-1905355452-1037786396-3028148496-2624191407-3283318427-1255436723
00001551	1006.50201416	[21576] scope: (null)
00001552	1006.50201416	[21576] LoginHint: (null)
00001553	1006.50201416	[21576] discoverHome: false
00001554	1006.50201416	[21576] domain_hint: (null)
00001555	1006.50201416	[21576] fallback_domain: (null)
00001556	1006.50201416	[21576] certificateUsage: (null)
00001557	1006.50201416	[21576] certificateUIName: (null)
00001558	1006.50201416	[21576] certificateUIDescription: (null)
00001559	1006.50201416	[21576] ExtendedLifeTimeEnabled: false
00001560	1006.50201416	[21576] UserPictureEnabled: false
00001561	1006.50201416	[21576] prompt: 
00001562	1006.50201416	[21576] msafed: (null)
00001563	1006.50201416	[21576] validateAuthority: true
00001564	1006.50201416	[21576] minimum_token_lifetime: 0
00001565	1006.50201416	[21576] transferTokenRequest: false
00001566	1006.50201416	[21576] 
00001567	1006.50201416	[21576] Request Param(s):
00001568	1006.50201416	[21576] 
00001569	1006.50201416	[21576] Request Properties:
00001570	1006.50201416	[21576] resource: https://arc.msn.com/v4
00001571	1006.50201416	[21576]  
00001572	1006.50201416	[21576] Logged at GetTokenBrokerOperationBase.cpp, line: 404, method: GetTokenBrokerOperationBase::LogRequestParameters.
00001573	1006.63653564	[21576] Code: 0x4aa5011a (level=2)
00001574	1006.63665771	[21576] Message: Loading client from cache using webaccount.
00001575	1006.63671875	[21576] Details: Token request accountId: (null), Resolved accountId: (null), PerUser accountId: (null) 
00001576	1006.63671875	[21576] Logged at ClientCache.cpp, line: 137, method: ClientCache::Load.
00001577	1006.68060303	[21576] Code: 0x4aa50077 (level=2)
00001578	1006.68066406	[21576] Message: No data for the primary user.
00001579	1006.68078613	[21576] Details: Reason: -1073741790 (0xc0000022) 
00001580	1006.68078613	[21576] Unknown error code: 0xc0000022   . 
00001581	1006.68078613	[21576] Logged at DefaultUser.cpp, line: 139, method: DefaultUser::TryOpenLSAImpl.
00001582	1007.07305908	[21576] Code: 0x4aa50082 (level=2)
00001583	1007.07696533	[21576] Message: The local default user is loading.
00001584	1007.08074951	[21576] Details: Logged at ClientCache.cpp, line: 426, method: ClientCache::LoadLocalAccount.
00001585	1007.13739014	[21576] Code: 0x4aa50016 (level=2)
00001586	1007.13751221	[21576] Message: A new client created for the default local user.
00001587	1007.13757324	[21576] Details: Logged at ClientCache.cpp, line: 1085, method: ClientCache::CreateNewClient. 
00001588	1007.13757324	[21576]  
00001589	1007.13757324	[21576] Request: authority: https://login.microsoftonline.com/common, client: 1b3c667f-cde3-4090-b60b-3d2abd0117f0, redirect URI: ms-appx-web://Microsoft.AAD.BrokerPlugin/S-1-15-2-350187224-1905355452-1037786396-3028148496-2624191407-3283318427-1255436723
00001590	1007.25158691	[21576] Code: 0x4aa1003c (level=3)
00001591	1007.25164795	[21576] Message: Verbose level message.
00001592	1007.25189209	[21576] Details: DetermineRecoveryNeeded: isCDJ: false; isWPJ: false; Local SSO accounts: 0; isDesktopSKU: true; ErrorCode: 0xCAA10001 (unknown); IsPrimaryUser: false 
00001593	1007.25189209	[21576] Logged at AccountRecovery.cpp, line: 110, method: AccountRecovery::DetermineRecoveryNeeded.
00001594	1007.32342529	[21576] Code: 0xcaa10001 (level=2)
00001595	1007.32434082	[21576] Message: Need user interaction to continue.
00001596	1007.32464600	[21576] Details: Operation name: GetTokenSilently, Error: -895418367 (0xcaa10001), Description: Need user interaction to continue. 
00001597	1007.32464600	[21576] Logged at WebAccountProcessor.cpp, line: 376, method: AAD::Core::WebAccountProcessor::ProcessOperationAsync::<lambda_86d928302cba6b3765a0346e94b8f38d>::operator ().
00001598	1016.51721191	[9528] QUIK|GetApp1|10577|11-10--12:50
00001599	1016.51733398	[9528] QUIK|GetApp2|2079|-nan(ind)
00001600	1016.51751709	[9528] QUIK|GetApp3|1825.5|0.0|0|4
00001601	1016.51763916	[9528] QUIK|OnCalc1|10577|11-10--12:50
00001602	1016.51776123	[9528] QUIK|OnCalc2|nil|-nan(ind)
00001603	1016.51794434	[9528] QUIK|OnCalc3|2078|10573|2078|1825.5
00001604	1016.51806641	[9528] QUIK|OnCalc3|2079|10573|2079|1825.5
00001605	1025.28540039	[9528] QUIK|GetApp1|10577|11-10--12:50
00001606	1025.28552246	[9528] QUIK|GetApp2|2079|-nan(ind)
00001607	1025.28576660	[9528] QUIK|GetApp3|1825.5|0.0|0|4
00001608	1025.28588867	[9528] QUIK|OnCalc1|10577|11-10--12:50
00001609	1025.28588867	[9528] QUIK|OnCalc2|nil|-nan(ind)
00001610	1025.28613281	[9528] QUIK|OnCalc3|2078|10573|2078|1825.5
00001611	1025.28625488	[9528] QUIK|OnCalc3|2079|10573|2079|1825.5
00001612	1032.11157227	[9528] QUIK|GetApp1|10577|11-10--12:50
00001613	1032.11169434	[9528] QUIK|GetApp2|2079|-nan(ind)
00001614	1032.11181641	[9528] QUIK|GetApp3|1825.5|0.0|0|4
00001615	1032.11206055	[9528] QUIK|OnCalc1|10577|11-10--12:50
00001616	1032.11218262	[9528] QUIK|OnCalc2|nil|-nan(ind)
00001617	1032.11242676	[9528] QUIK|OnCalc3|2078|10573|2078|1825.5
00001618	1032.11254883	[9528] QUIK|OnCalc3|2079|10573|2079|1825.5
00001619	1038.18493652	[9528] QUIK|GetApp1|10577|11-10--12:50
00001620	1038.18505859	[9528] QUIK|GetApp2|2079|-nan(ind)
00001621	1038.18542480	[9528] QUIK|GetApp3|1825.5|0.0|0|4
00001622	1038.18542480	[9528] QUIK|OnCalc1|10577|11-10--12:50
00001623	1038.18554688	[9528] QUIK|OnCalc2|nil|-nan(ind)
00001624	1038.18579102	[9528] QUIK|OnCalc3|2078|10573|2078|1825.5
00001625	1038.18591309	[9528] QUIK|OnCalc3|2079|10573|2079|1825.5
00001626	1052.56396484	[9528] QUIK|GetApp1|10577|11-10--12:50
00001627	1052.56408691	[9528] QUIK|GetApp2|2079|-nan(ind)
00001628	1052.56433105	[9528] QUIK|GetApp3|1825.5|0.0|0|4
00001629	1052.56433105	[9528] QUIK|OnCalc1|10577|11-10--12:50
00001630	1052.56445313	[9528] QUIK|OnCalc2|nil|-nan(ind)
00001631	1052.56469727	[9528] QUIK|OnCalc3|2078|10573|2078|1825.5
00001632	1052.56481934	[9528] QUIK|OnCalc3|2079|10573|2079|1825.5
00001633	1057.13549805	[9528] QUIK|GetApp1|10577|11-10--12:50
00001634	1057.13574219	[9528] QUIK|GetApp2|2079|-nan(ind)
00001635	1057.13586426	[9528] QUIK|GetApp3|1825.5|0.0|0|4
00001636	1057.13586426	[9528] QUIK|OnCalc1|10577|11-10--12:50
00001637	1057.13610840	[9528] QUIK|OnCalc2|nil|-nan(ind)
00001638	1057.13623047	[9528] QUIK|OnCalc3|2078|10573|2078|1825.5
00001639	1057.13635254	[9528] QUIK|OnCalc3|2079|10573|2079|1825.5
00001640	1062.95886230	[9528] QUIK|GetApp1|10577|11-10--12:50
00001641	1062.95886230	[9528] QUIK|GetApp2|2079|-nan(ind)
00001642	1062.95922852	[9528] QUIK|GetApp3|1825.5|0.0|0|4
00001643	1062.95935059	[9528] QUIK|OnCalc1|10577|11-10--12:50
00001644	1062.95947266	[9528] QUIK|OnCalc2|nil|-nan(ind)
00001645	1062.95959473	[9528] QUIK|OnCalc3|2078|10573|2078|1825.5
00001646	1062.95983887	[9528] QUIK|OnCalc3|2079|10573|2079|1825.5
00001647	1083.62658691	[9528] QUIK|GetApp1|10577|11-10--12:50
00001648	1083.62695313	[9528] QUIK|GetApp2|2079|-nan(ind)
00001649	1083.62719727	[9528] QUIK|GetApp3|1825.5|0.0|0|4
00001650	1083.62744141	[9528] QUIK|OnCalc1|10577|11-10--12:50
00001651	1083.62756348	[9528] QUIK|OnCalc2|nil|-nan(ind)
00001652	1083.62792969	[9528] QUIK|OnCalc3|2078|10573|2078|1825.5
00001653	1083.62829590	[9528] QUIK|OnCalc3|2079|10573|2079|1825.5
00001654	1090.13378906	[9528] QUIK|GetApp1|10577|11-10--12:50
00001655	1090.13415527	[9528] QUIK|GetApp2|2079|-nan(ind)
00001656	1090.13476563	[9528] QUIK|GetApp3|1825.5|0.0|0|4
00001657	1090.13488770	[9528] QUIK|OnCalc1|10577|11-10--12:50
00001658	1090.13525391	[9528] QUIK|OnCalc2|nil|-nan(ind)
00001659	1090.13549805	[9528] QUIK|OnCalc3|2078|10573|2078|1825.5
00001660	1090.13574219	[9528] QUIK|OnCalc3|2079|10573|2079|1825.5
00001661	1093.40673828	[9528] QUIK|GetApp1|10577|11-10--12:50
00001662	1093.40698242	[9528] QUIK|GetApp2|2079|-nan(ind)
00001663	1093.40747070	[9528] QUIK|GetApp3|1825.5|0.0|0|4
00001664	1093.40759277	[9528] QUIK|OnCalc1|10577|11-10--12:50
00001665	1093.40783691	[9528] QUIK|OnCalc2|nil|-nan(ind)
00001666	1093.40808105	[9528] QUIK|OnCalc3|2078|10573|2078|1825.5
00001667	1093.40856934	[9528] QUIK|OnCalc3|2079|10573|2079|1825.5
00001668	1105.62829590	[9528] QUIK|GetApp1|10577|11-10--12:50
00001669	1105.62841797	[9528] QUIK|GetApp2|2079|-nan(ind)
00001670	1105.62878418	[9528] QUIK|GetApp3|1825.5|0.0|0|4
00001671	1105.62902832	[9528] QUIK|OnCalc1|10577|11-10--12:50
00001672	1105.62927246	[9528] QUIK|OnCalc2|nil|-nan(ind)
00001673	1105.62951660	[9528] QUIK|OnCalc3|2078|10573|2078|1825.5
00001674	1105.62963867	[9528] QUIK|OnCalc3|2079|10573|2079|1825.5
00001675	1113.21435547	[9528] QUIK|GetApp1|10577|11-10--12:50
00001676	1113.21472168	[9528] QUIK|GetApp2|2079|-nan(ind)
00001677	1113.21496582	[9528] QUIK|GetApp3|1825.5|0.0|0|4
00001678	1113.21533203	[9528] QUIK|OnCalc1|10577|11-10--12:50
00001679	1113.21545410	[9528] QUIK|OnCalc2|nil|-nan(ind)
00001680	1113.21569824	[9528] QUIK|OnCalc3|2078|10573|2078|1825.5
00001681	1113.21594238	[9528] QUIK|OnCalc3|2079|10573|2079|1825.5
00001682	1115.61071777	[9528] QUIK|GetApp1|10577|11-10--12:50
00001683	1115.61096191	[9528] QUIK|GetApp2|2079|-nan(ind)
00001684	1115.61120605	[9528] QUIK|GetApp3|1825.5|0.0|0|4
00001685	1115.61132813	[9528] QUIK|OnCalc1|10577|11-10--12:50
00001686	1115.61145020	[9528] QUIK|OnCalc2|nil|-nan(ind)
00001687	1115.61169434	[9528] QUIK|OnCalc3|2078|10573|2078|1825.5
00001688	1115.61181641	[9528] QUIK|OnCalc3|2079|10573|2079|1825.5
00001689	1119.14685059	[9528] QUIK|GetApp1|10577|11-10--12:50
00001690	1119.14721680	[9528] QUIK|GetApp2|2079|-nan(ind)
00001691	1119.14746094	[9528] QUIK|GetApp3|1825.5|0.0|0|4
00001692	1119.14770508	[9528] QUIK|OnCalc1|10577|11-10--12:50
00001693	1119.14794922	[9528] QUIK|OnCalc2|nil|-nan(ind)
00001694	1119.14819336	[9528] QUIK|OnCalc3|2078|10573|2078|1825.5
00001695	1119.14843750	[9528] QUIK|OnCalc3|2079|10573|2079|1825.5
00001696	1121.45910645	[9528] QUIK|GetApp1|10577|11-10--12:50
00001697	1121.45922852	[9528] QUIK|GetApp2|2079|-nan(ind)
00001698	1121.45935059	[9528] QUIK|GetApp3|1825.5|0.0|0|4
00001699	1121.45959473	[9528] QUIK|OnCalc1|10577|11-10--12:50
00001700	1121.45971680	[9528] QUIK|OnCalc2|nil|-nan(ind)
00001701	1121.45983887	[9528] QUIK|OnCalc3|2078|10573|2078|1825.5
00001702	1121.45996094	[9528] QUIK|OnCalc3|2079|10573|2079|1825.5
00001703	1125.73608398	[9528] QUIK|GetApp1|10577|11-10--12:50
00001704	1125.73608398	[9528] QUIK|GetApp2|2079|-nan(ind)
00001705	1125.73632813	[9528] QUIK|GetApp3|1825.5|0.0|0|4
00001706	1125.73645020	[9528] QUIK|OnCalc1|10577|11-10--12:50
00001707	1125.73657227	[9528] QUIK|OnCalc2|nil|-nan(ind)
00001708	1125.73669434	[9528] QUIK|OnCalc3|2078|10573|2078|1825.5
00001709	1125.73681641	[9528] QUIK|OnCalc3|2079|10573|2079|1825.5
00001710	1153.12255859	[9528] QUIK|GetApp1|10577|11-10--12:50
00001711	1153.12280273	[9528] QUIK|GetApp2|2079|-nan(ind)
00001712	1153.12292480	[9528] QUIK|GetApp3|1825.5|0.0|0|4
00001713	1153.12316895	[9528] QUIK|OnCalc1|10577|11-10--12:50
00001714	1153.12316895	[9528] QUIK|OnCalc2|nil|-nan(ind)
00001715	1153.12329102	[9528] QUIK|OnCalc3|2078|10573|2078|1825.5
00001716	1153.12353516	[9528] QUIK|OnCalc3|2079|10573|2079|1825.5
00001717	1195.78393555	[9528] QUIK|GetApp1|10577|11-10--12:50
00001718	1195.78417969	[9528] QUIK|GetApp2|2079|-nan(ind)
00001719	1195.78430176	[9528] QUIK|GetApp3|1825.5|0.0|0|4
00001720	1195.78454590	[9528] QUIK|OnCalc1|10577|11-10--12:50
00001721	1195.78454590	[9528] QUIK|OnCalc2|nil|-nan(ind)
00001722	1195.78466797	[9528] QUIK|OnCalc3|2078|10573|2078|1825.5
00001723	1195.78491211	[9528] QUIK|OnCalc3|2079|10573|2079|1825.5
00001724	1201.78222656	[9528] QUIK|GetApp1|10577|11-10--12:50
00001725	1201.78222656	[9528] QUIK|GetApp2|2079|-nan(ind)
00001726	1201.78247070	[9528] QUIK|GetApp3|1825.5|0.0|0|4
00001727	1201.78259277	[9528] QUIK|OnCalc1|10577|11-10--12:50
00001728	1201.78271484	[9528] QUIK|OnCalc2|nil|-nan(ind)
00001729	1201.78283691	[9528] QUIK|OnCalc3|2078|10573|2078|1825.5
00001730	1201.78295898	[9528] QUIK|OnCalc3|2079|10573|2079|1825.5
00001731	1204.79199219	[9528] QUIK|GetApp1|10577|11-10--12:50
00001732	1204.79211426	[9528] QUIK|GetApp2|2079|-nan(ind)
00001733	1204.79235840	[9528] QUIK|GetApp3|1825.5|0.0|0|4
00001734	1204.79248047	[9528] QUIK|OnCalc1|10577|11-10--12:50
00001735	1204.79248047	[9528] QUIK|OnCalc2|nil|-nan(ind)
00001736	1204.79272461	[9528] QUIK|OnCalc3|2078|10573|2078|1825.5
00001737	1204.79284668	[9528] QUIK|OnCalc3|2079|10573|2079|1825.5
00001738	1204.82592773	[9528] QUIK|GetApp1|10577|11-10--12:50
00001739	1204.82604980	[9528] QUIK|GetApp2|2079|-nan(ind)
00001740	1204.82617188	[9528] QUIK|GetApp3|1825.5|0.0|0|4
00001741	1204.82629395	[9528] QUIK|OnCalc1|10577|11-10--12:50
00001742	1204.82641602	[9528] QUIK|OnCalc2|nil|-nan(ind)
00001743	1204.82666016	[9528] QUIK|OnCalc3|2078|10573|2078|1825.5
00001744	1204.82678223	[9528] QUIK|OnCalc3|2079|10573|2079|1825.5
00001745	1207.44934082	[9528] QUIK|GetApp1|10577|11-10--12:50
00001746	1207.44946289	[9528] QUIK|GetApp2|2079|-nan(ind)
00001747	1207.44970703	[9528] QUIK|GetApp3|1825.5|0.0|0|4
00001748	1207.44982910	[9528] QUIK|OnCalc1|10577|11-10--12:50
00001749	1207.44995117	[9528] QUIK|OnCalc2|nil|-nan(ind)
00001750	1207.45104980	[9528] QUIK|OnCalc3|2078|10573|2078|1825.5
00001751	1207.45300293	[9528] QUIK|OnCalc3|2079|10573|2079|1825.5
